{"/home/travis/build/npmtest/node-npmtest-grunt-notify/test.js":{"path":"/home/travis/build/npmtest/node-npmtest-grunt-notify/test.js","s":{"1":2,"2":2,"3":2,"4":2,"5":2,"6":2,"7":2,"8":1,"9":2,"10":2,"11":1,"12":1,"13":1,"14":1,"15":2,"16":2,"17":2,"18":2,"19":1,"20":1,"21":2,"22":2,"23":2,"24":1,"25":1,"26":1,"27":1,"28":1,"29":1,"30":1,"31":1,"32":1,"33":1,"34":1,"35":1,"36":1,"37":1,"38":1,"39":2,"40":2,"41":1,"42":2,"43":2,"44":1,"45":2,"46":2,"47":1,"48":2,"49":2,"50":1,"51":1,"52":1,"53":1,"54":1},"b":{"1":[2,1,1,1],"2":[1,1,1,1],"3":[1,1],"4":[1,1],"5":[1,1],"6":[1,1],"7":[1,1],"8":[1,1],"9":[1,1],"10":[1,1,1],"11":[1,1],"12":[1,1],"13":[1,1],"14":[1,1],"15":[1,1],"16":[1,1],"17":[1,1]},"f":{"1":2,"2":2,"3":2,"4":2,"5":2,"6":1,"7":1,"8":1,"9":2,"10":2,"11":2,"12":2,"13":1},"fnMap":{"1":{"name":"(anonymous_1)","line":12,"loc":{"start":{"line":12,"column":1},"end":{"line":12,"column":13}}},"2":{"name":"(anonymous_2)","line":19,"loc":{"start":{"line":19,"column":5},"end":{"line":19,"column":17}}},"3":{"name":"(anonymous_3)","line":23,"loc":{"start":{"line":23,"column":24},"end":{"line":23,"column":36}}},"4":{"name":"(anonymous_4)","line":61,"loc":{"start":{"line":61,"column":5},"end":{"line":61,"column":17}}},"5":{"name":"(anonymous_5)","line":82,"loc":{"start":{"line":82,"column":5},"end":{"line":82,"column":17}}},"6":{"name":"(anonymous_6)","line":91,"loc":{"start":{"line":91,"column":77},"end":{"line":94,"column":10}}},"7":{"name":"(anonymous_7)","line":112,"loc":{"start":{"line":112,"column":83},"end":{"line":115,"column":10}},"skip":true},"8":{"name":"(anonymous_8)","line":123,"loc":{"start":{"line":123,"column":77},"end":{"line":126,"column":10}},"skip":true},"9":{"name":"(anonymous_9)","line":139,"loc":{"start":{"line":139,"column":12},"end":{"line":139,"column":40}},"skip":true},"10":{"name":"(anonymous_10)","line":147,"loc":{"start":{"line":147,"column":77},"end":{"line":150,"column":10}},"skip":true},"11":{"name":"(anonymous_11)","line":158,"loc":{"start":{"line":158,"column":83},"end":{"line":161,"column":10}},"skip":true},"12":{"name":"(anonymous_12)","line":169,"loc":{"start":{"line":169,"column":79},"end":{"line":172,"column":10}},"skip":true},"13":{"name":"(anonymous_13)","line":180,"loc":{"start":{"line":180,"column":75},"end":{"line":183,"column":10}},"skip":true}},"statementMap":{"1":{"start":{"line":12,"column":0},"end":{"line":195,"column":5}},"2":{"start":{"line":14,"column":4},"end":{"line":14,"column":14}},"3":{"start":{"line":19,"column":4},"end":{"line":56,"column":9}},"4":{"start":{"line":21,"column":8},"end":{"line":21,"column":19}},"5":{"start":{"line":23,"column":8},"end":{"line":35,"column":13}},"6":{"start":{"line":24,"column":12},"end":{"line":34,"column":13}},"7":{"start":{"line":25,"column":16},"end":{"line":28,"column":30}},"8":{"start":{"line":30,"column":16},"end":{"line":33,"column":27}},"9":{"start":{"line":37,"column":8},"end":{"line":39,"column":21}},"10":{"start":{"line":40,"column":8},"end":{"line":53,"column":9}},"11":{"start":{"line":43,"column":12},"end":{"line":46,"column":14}},"12":{"start":{"line":47,"column":12},"end":{"line":47,"column":18}},"13":{"start":{"line":50,"column":12},"end":{"line":51,"column":33}},"14":{"start":{"line":52,"column":12},"end":{"line":52,"column":18}},"15":{"start":{"line":55,"column":8},"end":{"line":55,"column":35}},"16":{"start":{"line":61,"column":4},"end":{"line":63,"column":9}},"17":{"start":{"line":62,"column":8},"end":{"line":62,"column":15}},"18":{"start":{"line":64,"column":4},"end":{"line":77,"column":5}},"19":{"start":{"line":70,"column":8},"end":{"line":70,"column":14}},"20":{"start":{"line":76,"column":8},"end":{"line":76,"column":14}},"21":{"start":{"line":82,"column":4},"end":{"line":84,"column":9}},"22":{"start":{"line":83,"column":8},"end":{"line":83,"column":15}},"23":{"start":{"line":85,"column":4},"end":{"line":194,"column":5}},"24":{"start":{"line":91,"column":8},"end":{"line":99,"column":10}},"25":{"start":{"line":98,"column":12},"end":{"line":98,"column":35}},"26":{"start":{"line":102,"column":8},"end":{"line":104,"column":63}},"27":{"start":{"line":105,"column":8},"end":{"line":105,"column":14}},"28":{"start":{"line":112,"column":8},"end":{"line":121,"column":10},"skip":true},"29":{"start":{"line":119,"column":12},"end":{"line":119,"column":55},"skip":true},"30":{"start":{"line":120,"column":12},"end":{"line":120,"column":48},"skip":true},"31":{"start":{"line":123,"column":8},"end":{"line":136,"column":10},"skip":true},"32":{"start":{"line":130,"column":12},"end":{"line":130,"column":76},"skip":true},"33":{"start":{"line":131,"column":12},"end":{"line":131,"column":73},"skip":true},"34":{"start":{"line":132,"column":12},"end":{"line":132,"column":74},"skip":true},"35":{"start":{"line":133,"column":12},"end":{"line":133,"column":79},"skip":true},"36":{"start":{"line":134,"column":12},"end":{"line":134,"column":25},"skip":true},"37":{"start":{"line":135,"column":12},"end":{"line":135,"column":45},"skip":true},"38":{"start":{"line":138,"column":8},"end":{"line":145,"column":14},"skip":true},"39":{"start":{"line":143,"column":16},"end":{"line":143,"column":29},"skip":true},"40":{"start":{"line":144,"column":16},"end":{"line":144,"column":55},"skip":true},"41":{"start":{"line":147,"column":8},"end":{"line":156,"column":10},"skip":true},"42":{"start":{"line":154,"column":12},"end":{"line":154,"column":25},"skip":true},"43":{"start":{"line":155,"column":12},"end":{"line":155,"column":45},"skip":true},"44":{"start":{"line":158,"column":8},"end":{"line":167,"column":10},"skip":true},"45":{"start":{"line":165,"column":12},"end":{"line":165,"column":25},"skip":true},"46":{"start":{"line":166,"column":12},"end":{"line":166,"column":48},"skip":true},"47":{"start":{"line":169,"column":8},"end":{"line":178,"column":10},"skip":true},"48":{"start":{"line":176,"column":12},"end":{"line":176,"column":25},"skip":true},"49":{"start":{"line":177,"column":12},"end":{"line":177,"column":46},"skip":true},"50":{"start":{"line":180,"column":8},"end":{"line":189,"column":10},"skip":true},"51":{"start":{"line":187,"column":12},"end":{"line":187,"column":94},"skip":true},"52":{"start":{"line":188,"column":12},"end":{"line":188,"column":48},"skip":true},"53":{"start":{"line":192,"column":8},"end":{"line":192,"column":35},"skip":true},"54":{"start":{"line":193,"column":8},"end":{"line":193,"column":14},"skip":true}},"branchMap":{"1":{"line":25,"type":"binary-expr","locations":[{"start":{"line":25,"column":23},"end":{"line":25,"column":62}},{"start":{"line":26,"column":20},"end":{"line":26,"column":70}},{"start":{"line":27,"column":20},"end":{"line":27,"column":71}},{"start":{"line":28,"column":20},"end":{"line":28,"column":29}}]},"2":{"line":30,"type":"binary-expr","locations":[{"start":{"line":30,"column":23},"end":{"line":30,"column":37}},{"start":{"line":31,"column":20},"end":{"line":31,"column":61}},{"start":{"line":32,"column":20},"end":{"line":32,"column":70}},{"start":{"line":33,"column":20},"end":{"line":33,"column":26}}]},"3":{"line":37,"type":"cond-expr","locations":[{"start":{"line":38,"column":14},"end":{"line":38,"column":20}},{"start":{"line":39,"column":14},"end":{"line":39,"column":20}}]},"4":{"line":40,"type":"switch","locations":[{"start":{"line":42,"column":8},"end":{"line":47,"column":18}},{"start":{"line":49,"column":8},"end":{"line":52,"column":18}}]},"5":{"line":44,"type":"binary-expr","locations":[{"start":{"line":44,"column":16},"end":{"line":44,"column":44}},{"start":{"line":44,"column":48},"end":{"line":44,"column":66}}]},"6":{"line":50,"type":"binary-expr","locations":[{"start":{"line":50,"column":21},"end":{"line":50,"column":49}},{"start":{"line":50,"column":53},"end":{"line":50,"column":72}}]},"7":{"line":64,"type":"switch","locations":[{"start":{"line":69,"column":4},"end":{"line":70,"column":14}},{"start":{"line":75,"column":4},"end":{"line":76,"column":14}}]},"8":{"line":85,"type":"switch","locations":[{"start":{"line":90,"column":4},"end":{"line":105,"column":14}},{"start":{"line":111,"column":4},"end":{"line":193,"column":14},"skip":true}]},"9":{"line":91,"type":"binary-expr","locations":[{"start":{"line":91,"column":42},"end":{"line":91,"column":73}},{"start":{"line":91,"column":77},"end":{"line":99,"column":9}}]},"10":{"line":102,"type":"binary-expr","locations":[{"start":{"line":102,"column":18},"end":{"line":102,"column":32}},{"start":{"line":103,"column":12},"end":{"line":103,"column":53}},{"start":{"line":104,"column":12},"end":{"line":104,"column":61}}]},"11":{"line":112,"type":"binary-expr","locations":[{"start":{"line":112,"column":45},"end":{"line":112,"column":79},"skip":true},{"start":{"line":112,"column":83},"end":{"line":121,"column":9},"skip":true}]},"12":{"line":123,"type":"binary-expr","locations":[{"start":{"line":123,"column":42},"end":{"line":123,"column":73},"skip":true},{"start":{"line":123,"column":77},"end":{"line":136,"column":9},"skip":true}]},"13":{"line":138,"type":"binary-expr","locations":[{"start":{"line":138,"column":48},"end":{"line":138,"column":85},"skip":true},{"start":{"line":139,"column":12},"end":{"line":145,"column":13},"skip":true}]},"14":{"line":147,"type":"binary-expr","locations":[{"start":{"line":147,"column":42},"end":{"line":147,"column":73},"skip":true},{"start":{"line":147,"column":77},"end":{"line":156,"column":9},"skip":true}]},"15":{"line":158,"type":"binary-expr","locations":[{"start":{"line":158,"column":45},"end":{"line":158,"column":79},"skip":true},{"start":{"line":158,"column":83},"end":{"line":167,"column":9},"skip":true}]},"16":{"line":169,"type":"binary-expr","locations":[{"start":{"line":169,"column":43},"end":{"line":169,"column":75},"skip":true},{"start":{"line":169,"column":79},"end":{"line":178,"column":9},"skip":true}]},"17":{"line":180,"type":"binary-expr","locations":[{"start":{"line":180,"column":41},"end":{"line":180,"column":71},"skip":true},{"start":{"line":180,"column":75},"end":{"line":189,"column":9},"skip":true}]}},"code":["/* istanbul instrument in package npmtest_grunt_notify */","/*jslint","    bitwise: true,","    browser: true,","    maxerr: 8,","    maxlen: 96,","    node: true,","    nomen: true,","    regexp: true,","    stupid: true","*/","(function () {","    'use strict';","    var local;","","","","    // run shared js-env code - init-before","    (function () {","        // init local","        local = {};","        // init modeJs","        local.modeJs = (function () {","            try {","                return typeof navigator.userAgent === 'string' &&","                    typeof document.querySelector('body') === 'object' &&","                    typeof XMLHttpRequest.prototype.open === 'function' &&","                    'browser';","            } catch (errorCaughtBrowser) {","                return module.exports &&","                    typeof process.versions.node === 'string' &&","                    typeof require('http').createServer === 'function' &&","                    'node';","            }","        }());","        // init global","        local.global = local.modeJs === 'browser'","            ? window","            : global;","        switch (local.modeJs) {","        // re-init local from window.local","        case 'browser':","            local = local.global.utility2.objectSetDefault(","                local.global.utility2_rollup || local.global.local,","                local.global.utility2","            );","            break;","        // re-init local from example.js","        case 'node':","            local = (local.global.utility2_rollup || require('utility2'))","                .requireReadme();","            break;","        }","        // export local","        local.global.local = local;","    }());","","","","    // run shared js-env code - function","    (function () {","        return;","    }());","    switch (local.modeJs) {","","","","    // run browser js-env code - function","    case 'browser':","        break;","","","","    // run node js-env code - function","    case 'node':","        break;","    }","","","","    // run shared js-env code - init-after","    (function () {","        return;","    }());","    switch (local.modeJs) {","","","","    // run browser js-env code - init-after","    case 'browser':","        local.testCase_browser_nullCase = local.testCase_browser_nullCase || function (","            options,","            onError","        ) {","        /*","         * this function will test browsers's null-case handling-behavior-behavior","         */","            onError(null, options);","        };","","        // run tests","        local.nop(local.modeTest &&","            document.querySelector('#testRunButton1') &&","            document.querySelector('#testRunButton1').click());","        break;","","","","    // run node js-env code - init-after","    /* istanbul ignore next */","    case 'node':","        local.testCase_buildApidoc_default = local.testCase_buildApidoc_default || function (","            options,","            onError","        ) {","        /*","         * this function will test buildApidoc's default handling-behavior-behavior","         */","            options = { modulePathList: module.paths };","            local.buildApidoc(options, onError);","        };","","        local.testCase_buildApp_default = local.testCase_buildApp_default || function (","            options,","            onError","        ) {","        /*","         * this function will test buildApp's default handling-behavior-behavior","         */","            local.testCase_buildReadme_default(options, local.onErrorThrow);","            local.testCase_buildLib_default(options, local.onErrorThrow);","            local.testCase_buildTest_default(options, local.onErrorThrow);","            local.testCase_buildCustomOrg_default(options, local.onErrorThrow);","            options = [];","            local.buildApp(options, onError);","        };","","        local.testCase_buildCustomOrg_default = local.testCase_buildCustomOrg_default ||","            function (options, onError) {","            /*","             * this function will test buildCustomOrg's default handling-behavior","             */","                options = {};","                local.buildCustomOrg(options, onError);","            };","","        local.testCase_buildLib_default = local.testCase_buildLib_default || function (","            options,","            onError","        ) {","        /*","         * this function will test buildLib's default handling-behavior","         */","            options = {};","            local.buildLib(options, onError);","        };","","        local.testCase_buildReadme_default = local.testCase_buildReadme_default || function (","            options,","            onError","        ) {","        /*","         * this function will test buildReadme's default handling-behavior-behavior","         */","            options = {};","            local.buildReadme(options, onError);","        };","","        local.testCase_buildTest_default = local.testCase_buildTest_default || function (","            options,","            onError","        ) {","        /*","         * this function will test buildTest's default handling-behavior","         */","            options = {};","            local.buildTest(options, onError);","        };","","        local.testCase_webpage_default = local.testCase_webpage_default || function (","            options,","            onError","        ) {","        /*","         * this function will test webpage's default handling-behavior","         */","            options = { modeCoverageMerge: true, url: local.serverLocalHost + '?modeTest=1' };","            local.browserTest(options, onError);","        };","","        // run test-server","        local.testRunServer(local);","        break;","    }","}());",""],"l":{"12":2,"14":2,"19":2,"21":2,"23":2,"24":2,"25":2,"30":1,"37":2,"40":2,"43":1,"47":1,"50":1,"52":1,"55":2,"61":2,"62":2,"64":2,"70":1,"76":1,"82":2,"83":2,"85":2,"91":1,"98":1,"102":1,"105":1,"112":1,"119":1,"120":1,"123":1,"130":1,"131":1,"132":1,"133":1,"134":1,"135":1,"138":1,"143":2,"144":2,"147":1,"154":2,"155":2,"158":1,"165":2,"166":2,"169":1,"176":2,"177":2,"180":1,"187":1,"188":1,"192":1,"193":1}},"/home/travis/build/npmtest/node-npmtest-grunt-notify/lib.npmtest_grunt_notify.js":{"path":"/home/travis/build/npmtest/node-npmtest-grunt-notify/lib.npmtest_grunt_notify.js","s":{"1":2,"2":2,"3":2,"4":2,"5":2,"6":2,"7":2,"8":1,"9":2,"10":2,"11":2,"12":2,"13":1,"14":1,"15":1,"16":1},"b":{"1":[2,1,1,1],"2":[1,1,1,1],"3":[1,1],"4":[2,2],"5":[1,1]},"f":{"1":2,"2":2,"3":2},"fnMap":{"1":{"name":"(anonymous_1)","line":12,"loc":{"start":{"line":12,"column":1},"end":{"line":12,"column":13}}},"2":{"name":"(anonymous_2)","line":19,"loc":{"start":{"line":19,"column":5},"end":{"line":19,"column":17}}},"3":{"name":"(anonymous_3)","line":23,"loc":{"start":{"line":23,"column":24},"end":{"line":23,"column":36}}}},"statementMap":{"1":{"start":{"line":12,"column":0},"end":{"line":53,"column":5}},"2":{"start":{"line":14,"column":4},"end":{"line":14,"column":14}},"3":{"start":{"line":19,"column":4},"end":{"line":52,"column":9}},"4":{"start":{"line":21,"column":8},"end":{"line":21,"column":19}},"5":{"start":{"line":23,"column":8},"end":{"line":35,"column":13}},"6":{"start":{"line":24,"column":12},"end":{"line":34,"column":13}},"7":{"start":{"line":25,"column":16},"end":{"line":28,"column":30}},"8":{"start":{"line":30,"column":16},"end":{"line":33,"column":27}},"9":{"start":{"line":37,"column":8},"end":{"line":39,"column":21}},"10":{"start":{"line":41,"column":8},"end":{"line":41,"column":54}},"11":{"start":{"line":43,"column":8},"end":{"line":43,"column":57}},"12":{"start":{"line":45,"column":8},"end":{"line":51,"column":9}},"13":{"start":{"line":46,"column":12},"end":{"line":46,"column":63}},"14":{"start":{"line":48,"column":12},"end":{"line":48,"column":35}},"15":{"start":{"line":49,"column":12},"end":{"line":49,"column":49}},"16":{"start":{"line":50,"column":12},"end":{"line":50,"column":43}}},"branchMap":{"1":{"line":25,"type":"binary-expr","locations":[{"start":{"line":25,"column":23},"end":{"line":25,"column":62}},{"start":{"line":26,"column":20},"end":{"line":26,"column":70}},{"start":{"line":27,"column":20},"end":{"line":27,"column":71}},{"start":{"line":28,"column":20},"end":{"line":28,"column":29}}]},"2":{"line":30,"type":"binary-expr","locations":[{"start":{"line":30,"column":23},"end":{"line":30,"column":37}},{"start":{"line":31,"column":20},"end":{"line":31,"column":61}},{"start":{"line":32,"column":20},"end":{"line":32,"column":70}},{"start":{"line":33,"column":20},"end":{"line":33,"column":26}}]},"3":{"line":37,"type":"cond-expr","locations":[{"start":{"line":38,"column":14},"end":{"line":38,"column":20}},{"start":{"line":39,"column":14},"end":{"line":39,"column":20}}]},"4":{"line":41,"type":"binary-expr","locations":[{"start":{"line":41,"column":16},"end":{"line":41,"column":44}},{"start":{"line":41,"column":48},"end":{"line":41,"column":53}}]},"5":{"line":45,"type":"if","locations":[{"start":{"line":45,"column":8},"end":{"line":45,"column":8}},{"start":{"line":45,"column":8},"end":{"line":45,"column":8}}]}},"code":["/* istanbul instrument in package npmtest_grunt_notify */","/*jslint","    bitwise: true,","    browser: true,","    maxerr: 8,","    maxlen: 96,","    node: true,","    nomen: true,","    regexp: true,","    stupid: true","*/","(function () {","    'use strict';","    var local;","","","","    // run shared js-env code - init-before","    (function () {","        // init local","        local = {};","        // init modeJs","        local.modeJs = (function () {","            try {","                return typeof navigator.userAgent === 'string' &&","                    typeof document.querySelector('body') === 'object' &&","                    typeof XMLHttpRequest.prototype.open === 'function' &&","                    'browser';","            } catch (errorCaughtBrowser) {","                return module.exports &&","                    typeof process.versions.node === 'string' &&","                    typeof require('http').createServer === 'function' &&","                    'node';","            }","        }());","        // init global","        local.global = local.modeJs === 'browser'","            ? window","            : global;","        // init utility2_rollup","        local = local.global.utility2_rollup || local;","        // init lib","        local.local = local.npmtest_grunt_notify = local;","        // init exports","        if (local.modeJs === 'browser') {","            local.global.utility2_npmtest_grunt_notify = local;","        } else {","            module.exports = local;","            module.exports.__dirname = __dirname;","            module.exports.module = module;","        }","    }());","}());",""],"l":{"12":2,"14":2,"19":2,"21":2,"23":2,"24":2,"25":2,"30":1,"37":2,"41":2,"43":2,"45":2,"46":1,"48":1,"49":1,"50":1}},"/home/travis/build/npmtest/node-npmtest-grunt-notify/example.js":{"path":"/home/travis/build/npmtest/node-npmtest-grunt-notify/example.js","s":{"1":2,"2":2,"3":2,"4":2,"5":2,"6":2,"7":2,"8":1,"9":2,"10":2,"11":2,"12":2,"13":1,"14":2,"15":2,"16":2,"17":2,"18":2,"19":0,"20":2,"21":1,"22":1,"23":1,"24":1,"25":1,"26":0,"27":0,"28":1,"29":1,"30":2,"31":0,"32":0,"33":0,"34":1,"35":2,"36":2,"37":3,"38":3,"39":3,"40":3,"41":0,"42":3,"43":3,"44":3,"45":1,"46":3,"47":1,"48":1,"49":1,"50":1,"51":1,"52":1,"53":1,"54":1,"55":1,"56":1,"57":0,"58":1,"59":6,"60":6,"61":1,"62":2,"63":0,"64":2,"65":1,"66":1,"67":0,"68":0,"69":0,"70":0,"71":0,"72":0,"73":0,"74":0,"75":0,"76":0,"77":0,"78":0,"79":0,"80":0,"81":0,"82":0,"83":0},"b":{"1":[2,1,1,1],"2":[1,1,1,1],"3":[1,1],"4":[2,2],"5":[1,1],"6":[1,1],"7":[2,0],"8":[2,1,1,1,1,1],"9":[0,2,0],"10":[1,1],"11":[2,1,1],"12":[1,0],"13":[0,2],"14":[2,0,0,0,0,0,0],"15":[0,3],"16":[3,0],"17":[1,1],"18":[0,1],"19":[1,2,0,2],"20":[1,0],"21":[1,1],"22":[0,0],"23":[0,0],"24":[0,0],"25":[0,0],"26":[0,0],"27":[0,0],"28":[0,0]},"f":{"1":2,"2":2,"3":2,"4":2,"5":2,"6":2,"7":3,"8":3,"9":3,"10":1,"11":6,"12":0},"fnMap":{"1":{"name":"(anonymous_1)","line":26,"loc":{"start":{"line":26,"column":1},"end":{"line":26,"column":13}}},"2":{"name":"(anonymous_2)","line":33,"loc":{"start":{"line":33,"column":5},"end":{"line":33,"column":17}}},"3":{"name":"(anonymous_3)","line":37,"loc":{"start":{"line":37,"column":24},"end":{"line":37,"column":36}}},"4":{"name":"(anonymous_4)","line":69,"loc":{"start":{"line":69,"column":31},"end":{"line":69,"column":48}},"skip":true},"5":{"name":"(anonymous_5)","line":78,"loc":{"start":{"line":78,"column":26},"end":{"line":78,"column":45}},"skip":true},"6":{"name":"(anonymous_6)","line":123,"loc":{"start":{"line":123,"column":33},"end":{"line":123,"column":48}},"skip":true},"7":{"name":"(anonymous_7)","line":125,"loc":{"start":{"line":125,"column":27},"end":{"line":125,"column":39}},"skip":true},"8":{"name":"(anonymous_8)","line":133,"loc":{"start":{"line":133,"column":59},"end":{"line":133,"column":74}},"skip":true},"9":{"name":"(anonymous_9)","line":143,"loc":{"start":{"line":143,"column":45},"end":{"line":143,"column":62}},"skip":true},"10":{"name":"(anonymous_10)","line":144,"loc":{"start":{"line":144,"column":73},"end":{"line":144,"column":92}},"skip":true},"11":{"name":"(anonymous_11)","line":272,"loc":{"start":{"line":272,"column":51},"end":{"line":272,"column":77}},"skip":true},"12":{"name":"(anonymous_12)","line":315,"loc":{"start":{"line":315,"column":32},"end":{"line":315,"column":61}},"skip":true}},"statementMap":{"1":{"start":{"line":26,"column":0},"end":{"line":326,"column":5}},"2":{"start":{"line":28,"column":4},"end":{"line":28,"column":14}},"3":{"start":{"line":33,"column":4},"end":{"line":60,"column":9}},"4":{"start":{"line":35,"column":8},"end":{"line":35,"column":19}},"5":{"start":{"line":37,"column":8},"end":{"line":49,"column":13}},"6":{"start":{"line":38,"column":12},"end":{"line":48,"column":13}},"7":{"start":{"line":39,"column":16},"end":{"line":42,"column":30}},"8":{"start":{"line":44,"column":16},"end":{"line":47,"column":27}},"9":{"start":{"line":51,"column":8},"end":{"line":53,"column":21}},"10":{"start":{"line":55,"column":8},"end":{"line":57,"column":45}},"11":{"start":{"line":59,"column":8},"end":{"line":59,"column":35}},"12":{"start":{"line":61,"column":4},"end":{"line":325,"column":5}},"13":{"start":{"line":69,"column":8},"end":{"line":121,"column":10},"skip":true},"14":{"start":{"line":70,"column":12},"end":{"line":88,"column":13},"skip":true},"15":{"start":{"line":76,"column":16},"end":{"line":87,"column":19},"skip":true},"16":{"start":{"line":79,"column":20},"end":{"line":86,"column":21},"skip":true},"17":{"start":{"line":82,"column":24},"end":{"line":82,"column":43},"skip":true},"18":{"start":{"line":83,"column":24},"end":{"line":83,"column":30},"skip":true},"19":{"start":{"line":85,"column":24},"end":{"line":85,"column":49},"skip":true},"20":{"start":{"line":89,"column":12},"end":{"line":107,"column":13},"skip":true},"21":{"start":{"line":92,"column":16},"end":{"line":102,"column":17},"skip":true},"22":{"start":{"line":93,"column":20},"end":{"line":93,"column":86},"skip":true},"23":{"start":{"line":94,"column":20},"end":{"line":95,"column":45},"skip":true},"24":{"start":{"line":96,"column":20},"end":{"line":96,"column":42},"skip":true},"25":{"start":{"line":97,"column":20},"end":{"line":97,"column":48},"skip":true},"26":{"start":{"line":100,"column":20},"end":{"line":100,"column":85},"skip":true},"27":{"start":{"line":101,"column":20},"end":{"line":101,"column":96},"skip":true},"28":{"start":{"line":103,"column":16},"end":{"line":103,"column":22},"skip":true},"29":{"start":{"line":106,"column":16},"end":{"line":106,"column":22},"skip":true},"30":{"start":{"line":108,"column":12},"end":{"line":120,"column":13},"skip":true},"31":{"start":{"line":114,"column":16},"end":{"line":119,"column":17},"skip":true},"32":{"start":{"line":116,"column":20},"end":{"line":116,"column":78},"skip":true},"33":{"start":{"line":118,"column":20},"end":{"line":118,"column":47},"skip":true},"34":{"start":{"line":123,"column":8},"end":{"line":141,"column":11},"skip":true},"35":{"start":{"line":124,"column":12},"end":{"line":124,"column":54},"skip":true},"36":{"start":{"line":125,"column":12},"end":{"line":140,"column":14},"skip":true},"37":{"start":{"line":126,"column":16},"end":{"line":126,"column":28},"skip":true},"38":{"start":{"line":127,"column":16},"end":{"line":127,"column":69},"skip":true},"39":{"start":{"line":128,"column":16},"end":{"line":128,"column":75},"skip":true},"40":{"start":{"line":129,"column":16},"end":{"line":131,"column":17},"skip":true},"41":{"start":{"line":130,"column":20},"end":{"line":130,"column":27},"skip":true},"42":{"start":{"line":133,"column":16},"end":{"line":137,"column":36},"skip":true},"43":{"start":{"line":134,"column":20},"end":{"line":136,"column":55},"skip":true},"44":{"start":{"line":139,"column":16},"end":{"line":139,"column":57},"skip":true},"45":{"start":{"line":143,"column":8},"end":{"line":147,"column":11},"skip":true},"46":{"start":{"line":144,"column":12},"end":{"line":146,"column":15},"skip":true},"47":{"start":{"line":145,"column":16},"end":{"line":145,"column":70},"skip":true},"48":{"start":{"line":149,"column":8},"end":{"line":149,"column":31},"skip":true},"49":{"start":{"line":150,"column":8},"end":{"line":150,"column":14},"skip":true},"50":{"start":{"line":158,"column":8},"end":{"line":158,"column":31},"skip":true},"51":{"start":{"line":160,"column":8},"end":{"line":160,"column":33},"skip":true},"52":{"start":{"line":161,"column":8},"end":{"line":161,"column":37},"skip":true},"53":{"start":{"line":162,"column":8},"end":{"line":162,"column":35},"skip":true},"54":{"start":{"line":164,"column":8},"end":{"line":164,"column":50},"skip":true},"55":{"start":{"line":166,"column":8},"end":{"line":256,"column":2},"skip":true},"56":{"start":{"line":258,"column":8},"end":{"line":286,"column":9},"skip":true},"57":{"start":{"line":259,"column":12},"end":{"line":269,"column":14},"skip":true},"58":{"start":{"line":271,"column":12},"end":{"line":285,"column":19},"skip":true},"59":{"start":{"line":274,"column":20},"end":{"line":274,"column":35},"skip":true},"60":{"start":{"line":275,"column":20},"end":{"line":284,"column":21},"skip":true},"61":{"start":{"line":277,"column":24},"end":{"line":277,"column":64},"skip":true},"62":{"start":{"line":279,"column":24},"end":{"line":279,"column":40},"skip":true},"63":{"start":{"line":281,"column":24},"end":{"line":281,"column":40},"skip":true},"64":{"start":{"line":283,"column":24},"end":{"line":283,"column":39},"skip":true},"65":{"start":{"line":288,"column":8},"end":{"line":290,"column":9},"skip":true},"66":{"start":{"line":289,"column":12},"end":{"line":289,"column":18},"skip":true},"67":{"start":{"line":291,"column":8},"end":{"line":293,"column":54},"skip":true},"68":{"start":{"line":296,"column":8},"end":{"line":301,"column":37},"skip":true},"69":{"start":{"line":303,"column":8},"end":{"line":303,"column":82},"skip":true},"70":{"start":{"line":306,"column":8},"end":{"line":308,"column":9},"skip":true},"71":{"start":{"line":307,"column":12},"end":{"line":307,"column":82},"skip":true},"72":{"start":{"line":310,"column":8},"end":{"line":312,"column":9},"skip":true},"73":{"start":{"line":311,"column":12},"end":{"line":311,"column":18},"skip":true},"74":{"start":{"line":313,"column":8},"end":{"line":313,"column":54},"skip":true},"75":{"start":{"line":314,"column":8},"end":{"line":314,"column":69},"skip":true},"76":{"start":{"line":315,"column":8},"end":{"line":323,"column":36},"skip":true},"77":{"start":{"line":316,"column":12},"end":{"line":316,"column":61},"skip":true},"78":{"start":{"line":317,"column":12},"end":{"line":320,"column":13},"skip":true},"79":{"start":{"line":318,"column":16},"end":{"line":318,"column":75},"skip":true},"80":{"start":{"line":319,"column":16},"end":{"line":319,"column":23},"skip":true},"81":{"start":{"line":321,"column":12},"end":{"line":321,"column":38},"skip":true},"82":{"start":{"line":322,"column":12},"end":{"line":322,"column":27},"skip":true},"83":{"start":{"line":324,"column":8},"end":{"line":324,"column":14},"skip":true}},"branchMap":{"1":{"line":39,"type":"binary-expr","locations":[{"start":{"line":39,"column":23},"end":{"line":39,"column":62}},{"start":{"line":40,"column":20},"end":{"line":40,"column":70}},{"start":{"line":41,"column":20},"end":{"line":41,"column":71}},{"start":{"line":42,"column":20},"end":{"line":42,"column":29}}]},"2":{"line":44,"type":"binary-expr","locations":[{"start":{"line":44,"column":23},"end":{"line":44,"column":37}},{"start":{"line":45,"column":20},"end":{"line":45,"column":61}},{"start":{"line":46,"column":20},"end":{"line":46,"column":70}},{"start":{"line":47,"column":20},"end":{"line":47,"column":26}}]},"3":{"line":51,"type":"cond-expr","locations":[{"start":{"line":52,"column":14},"end":{"line":52,"column":20}},{"start":{"line":53,"column":14},"end":{"line":53,"column":20}}]},"4":{"line":55,"type":"binary-expr","locations":[{"start":{"line":55,"column":16},"end":{"line":55,"column":44}},{"start":{"line":55,"column":49},"end":{"line":57,"column":43}}]},"5":{"line":55,"type":"cond-expr","locations":[{"start":{"line":56,"column":14},"end":{"line":56,"column":56}},{"start":{"line":57,"column":14},"end":{"line":57,"column":43}}]},"6":{"line":61,"type":"switch","locations":[{"start":{"line":68,"column":4},"end":{"line":150,"column":14},"skip":true},{"start":{"line":156,"column":4},"end":{"line":324,"column":14},"skip":true}]},"7":{"line":70,"type":"if","locations":[{"start":{"line":70,"column":12},"end":{"line":70,"column":12},"skip":true},{"start":{"line":70,"column":12},"end":{"line":70,"column":12},"skip":true}]},"8":{"line":70,"type":"binary-expr","locations":[{"start":{"line":70,"column":16},"end":{"line":70,"column":22},"skip":true},{"start":{"line":70,"column":27},"end":{"line":70,"column":32},"skip":true},{"start":{"line":71,"column":20},"end":{"line":71,"column":39},"skip":true},{"start":{"line":72,"column":20},"end":{"line":72,"column":49},"skip":true},{"start":{"line":73,"column":20},"end":{"line":73,"column":58},"skip":true},{"start":{"line":74,"column":20},"end":{"line":74,"column":69},"skip":true}]},"9":{"line":79,"type":"switch","locations":[{"start":{"line":80,"column":20},"end":{"line":80,"column":33},"skip":true},{"start":{"line":81,"column":20},"end":{"line":83,"column":30},"skip":true},{"start":{"line":84,"column":20},"end":{"line":85,"column":49},"skip":true}]},"10":{"line":89,"type":"switch","locations":[{"start":{"line":90,"column":12},"end":{"line":103,"column":22},"skip":true},{"start":{"line":105,"column":12},"end":{"line":106,"column":22},"skip":true}]},"11":{"line":89,"type":"binary-expr","locations":[{"start":{"line":89,"column":20},"end":{"line":89,"column":25},"skip":true},{"start":{"line":89,"column":29},"end":{"line":89,"column":48},"skip":true},{"start":{"line":89,"column":52},"end":{"line":89,"column":74},"skip":true}]},"12":{"line":92,"type":"if","locations":[{"start":{"line":92,"column":16},"end":{"line":92,"column":16},"skip":true},{"start":{"line":92,"column":16},"end":{"line":92,"column":16},"skip":true}]},"13":{"line":108,"type":"if","locations":[{"start":{"line":108,"column":12},"end":{"line":108,"column":12},"skip":true},{"start":{"line":108,"column":12},"end":{"line":108,"column":12},"skip":true}]},"14":{"line":108,"type":"binary-expr","locations":[{"start":{"line":108,"column":16},"end":{"line":108,"column":61},"skip":true},{"start":{"line":108,"column":66},"end":{"line":108,"column":72},"skip":true},{"start":{"line":108,"column":77},"end":{"line":108,"column":82},"skip":true},{"start":{"line":109,"column":20},"end":{"line":109,"column":39},"skip":true},{"start":{"line":110,"column":20},"end":{"line":110,"column":49},"skip":true},{"start":{"line":111,"column":20},"end":{"line":111,"column":58},"skip":true},{"start":{"line":112,"column":20},"end":{"line":112,"column":68},"skip":true}]},"15":{"line":129,"type":"if","locations":[{"start":{"line":129,"column":16},"end":{"line":129,"column":16},"skip":true},{"start":{"line":129,"column":16},"end":{"line":129,"column":16},"skip":true}]},"16":{"line":134,"type":"cond-expr","locations":[{"start":{"line":135,"column":26},"end":{"line":135,"column":29},"skip":true},{"start":{"line":136,"column":26},"end":{"line":136,"column":54},"skip":true}]},"17":{"line":164,"type":"binary-expr","locations":[{"start":{"line":164,"column":27},"end":{"line":164,"column":43},"skip":true},{"start":{"line":164,"column":47},"end":{"line":164,"column":49},"skip":true}]},"18":{"line":258,"type":"if","locations":[{"start":{"line":258,"column":8},"end":{"line":258,"column":8},"skip":true},{"start":{"line":258,"column":8},"end":{"line":258,"column":8},"skip":true}]},"19":{"line":275,"type":"switch","locations":[{"start":{"line":276,"column":20},"end":{"line":277,"column":64},"skip":true},{"start":{"line":278,"column":20},"end":{"line":279,"column":40},"skip":true},{"start":{"line":280,"column":20},"end":{"line":281,"column":40},"skip":true},{"start":{"line":282,"column":20},"end":{"line":283,"column":39},"skip":true}]},"20":{"line":288,"type":"if","locations":[{"start":{"line":288,"column":8},"end":{"line":288,"column":8},"skip":true},{"start":{"line":288,"column":8},"end":{"line":288,"column":8},"skip":true}]},"21":{"line":288,"type":"binary-expr","locations":[{"start":{"line":288,"column":12},"end":{"line":288,"column":40},"skip":true},{"start":{"line":288,"column":44},"end":{"line":288,"column":67},"skip":true}]},"22":{"line":292,"type":"binary-expr","locations":[{"start":{"line":292,"column":12},"end":{"line":292,"column":50},"skip":true},{"start":{"line":293,"column":12},"end":{"line":293,"column":53},"skip":true}]},"23":{"line":297,"type":"binary-expr","locations":[{"start":{"line":297,"column":12},"end":{"line":297,"column":70},"skip":true},{"start":{"line":298,"column":12},"end":{"line":301,"column":36},"skip":true}]},"24":{"line":303,"type":"binary-expr","locations":[{"start":{"line":303,"column":43},"end":{"line":303,"column":75},"skip":true},{"start":{"line":303,"column":79},"end":{"line":303,"column":81},"skip":true}]},"25":{"line":306,"type":"if","locations":[{"start":{"line":306,"column":8},"end":{"line":306,"column":8},"skip":true},{"start":{"line":306,"column":8},"end":{"line":306,"column":8},"skip":true}]},"26":{"line":310,"type":"if","locations":[{"start":{"line":310,"column":8},"end":{"line":310,"column":8},"skip":true},{"start":{"line":310,"column":8},"end":{"line":310,"column":8},"skip":true}]},"27":{"line":313,"type":"binary-expr","locations":[{"start":{"line":313,"column":27},"end":{"line":313,"column":43},"skip":true},{"start":{"line":313,"column":47},"end":{"line":313,"column":53},"skip":true}]},"28":{"line":317,"type":"if","locations":[{"start":{"line":317,"column":12},"end":{"line":317,"column":12},"skip":true},{"start":{"line":317,"column":12},"end":{"line":317,"column":12},"skip":true}]}},"code":["/*","example.js","","quickstart example","","instruction","    1. save this script as example.js","    2. run the shell command:","        $ npm install npmtest-grunt-notify && PORT=8081 node example.js","    3. play with the browser-demo on http://127.0.0.1:8081","*/","","","","/* istanbul instrument in package npmtest_grunt_notify */","/*jslint","    bitwise: true,","    browser: true,","    maxerr: 8,","    maxlen: 96,","    node: true,","    nomen: true,","    regexp: true,","    stupid: true","*/","(function () {","    'use strict';","    var local;","","","","    // run shared js-env code - init-before","    (function () {","        // init local","        local = {};","        // init modeJs","        local.modeJs = (function () {","            try {","                return typeof navigator.userAgent === 'string' &&","                    typeof document.querySelector('body') === 'object' &&","                    typeof XMLHttpRequest.prototype.open === 'function' &&","                    'browser';","            } catch (errorCaughtBrowser) {","                return module.exports &&","                    typeof process.versions.node === 'string' &&","                    typeof require('http').createServer === 'function' &&","                    'node';","            }","        }());","        // init global","        local.global = local.modeJs === 'browser'","            ? window","            : global;","        // init utility2_rollup","        local = local.global.utility2_rollup || (local.modeJs === 'browser'","            ? local.global.utility2_npmtest_grunt_notify","            : global.utility2_moduleExports);","        // export local","        local.global.local = local;","    }());","    switch (local.modeJs) {","","","","    // init-after","    // run browser js-env code - init-after","    /* istanbul ignore next */","    case 'browser':","        local.testRunBrowser = function (event) {","            if (!event || (event &&","                    event.currentTarget &&","                    event.currentTarget.className &&","                    event.currentTarget.className.includes &&","                    event.currentTarget.className.includes('onreset'))) {","                // reset output","                Array.from(","                    document.querySelectorAll('body > .resettable')","                ).forEach(function (element) {","                    switch (element.tagName) {","                    case 'INPUT':","                    case 'TEXTAREA':","                        element.value = '';","                        break;","                    default:","                        element.textContent = '';","                    }","                });","            }","            switch (event && event.currentTarget && event.currentTarget.id) {","            case 'testRunButton1':","                // show tests","                if (document.querySelector('#testReportDiv1').style.display === 'none') {","                    document.querySelector('#testReportDiv1').style.display = 'block';","                    document.querySelector('#testRunButton1').textContent =","                        'hide internal test';","                    local.modeTest = true;","                    local.testRunDefault(local);","                // hide tests","                } else {","                    document.querySelector('#testReportDiv1').style.display = 'none';","                    document.querySelector('#testRunButton1').textContent = 'run internal test';","                }","                break;","            // custom-case","            default:","                break;","            }","            if (document.querySelector('#inputTextareaEval1') && (!event || (event &&","                    event.currentTarget &&","                    event.currentTarget.className &&","                    event.currentTarget.className.includes &&","                    event.currentTarget.className.includes('oneval')))) {","                // try to eval input-code","                try {","                    /*jslint evil: true*/","                    eval(document.querySelector('#inputTextareaEval1').value);","                } catch (errorCaught) {","                    console.error(errorCaught);","                }","            }","        };","        // log stderr and stdout to #outputTextareaStdout1","        ['error', 'log'].forEach(function (key) {","            console[key + '_original'] = console[key];","            console[key] = function () {","                var element;","                console[key + '_original'].apply(console, arguments);","                element = document.querySelector('#outputTextareaStdout1');","                if (!element) {","                    return;","                }","                // append text to #outputTextareaStdout1","                element.value += Array.from(arguments).map(function (arg) {","                    return typeof arg === 'string'","                        ? arg","                        : JSON.stringify(arg, null, 4);","                }).join(' ') + '\\n';","                // scroll textarea to bottom","                element.scrollTop = element.scrollHeight;","            };","        });","        // init event-handling","        ['change', 'click', 'keyup'].forEach(function (event) {","            Array.from(document.querySelectorAll('.on' + event)).forEach(function (element) {","                element.addEventListener(event, local.testRunBrowser);","            });","        });","        // run tests","        local.testRunBrowser();","        break;","","","","    // run node js-env code - init-after","    /* istanbul ignore next */","    case 'node':","        // export local","        module.exports = local;","        // require modules","        local.fs = require('fs');","        local.http = require('http');","        local.url = require('url');","        // init assets","        local.assetsDict = local.assetsDict || {};","        /* jslint-ignore-begin */","        local.assetsDict['/assets.index.template.html'] = '\\","<!doctype html>\\n\\","<html lang=\"en\">\\n\\","<head>\\n\\","<meta charset=\"UTF-8\">\\n\\","<meta name=\"viewport\" content=\"width=device-width, initial-scale=1\">\\n\\","<title>{{env.npm_package_name}} (v{{env.npm_package_version}})</title>\\n\\","<style>\\n\\","/*csslint\\n\\","    box-sizing: false,\\n\\","    universal-selector: false\\n\\","*/\\n\\","* {\\n\\","    box-sizing: border-box;\\n\\","}\\n\\","body {\\n\\","    background: #dde;\\n\\","    font-family: Arial, Helvetica, sans-serif;\\n\\","    margin: 2rem;\\n\\","}\\n\\","body > * {\\n\\","    margin-bottom: 1rem;\\n\\","}\\n\\",".utility2FooterDiv {\\n\\","    margin-top: 20px;\\n\\","    text-align: center;\\n\\","}\\n\\","</style>\\n\\","<style>\\n\\","/*csslint\\n\\","*/\\n\\","textarea {\\n\\","    font-family: monospace;\\n\\","    height: 10rem;\\n\\","    width: 100%;\\n\\","}\\n\\","textarea[readonly] {\\n\\","    background: #ddd;\\n\\","}\\n\\","</style>\\n\\","</head>\\n\\","<body>\\n\\","<!-- utility2-comment\\n\\","<div id=\"ajaxProgressDiv1\" style=\"background: #d00; height: 2px; left: 0; margin: 0; padding: 0; position: fixed; top: 0; transition: background 0.5s, width 1.5s; width: 25%;\"></div>\\n\\","utility2-comment -->\\n\\","<h1>\\n\\","<!-- utility2-comment\\n\\","    <a\\n\\","        {{#if env.npm_package_homepage}}\\n\\","        href=\"{{env.npm_package_homepage}}\"\\n\\","        {{/if env.npm_package_homepage}}\\n\\","        target=\"_blank\"\\n\\","    >\\n\\","utility2-comment -->\\n\\","        {{env.npm_package_name}} (v{{env.npm_package_version}})\\n\\","<!-- utility2-comment\\n\\","    </a>\\n\\","utility2-comment -->\\n\\","</h1>\\n\\","<h3>{{env.npm_package_description}}</h3>\\n\\","<!-- utility2-comment\\n\\","<h4><a download href=\"assets.app.js\">download standalone app</a></h4>\\n\\","<button class=\"onclick onreset\" id=\"testRunButton1\">run internal test</button><br>\\n\\","<div id=\"testReportDiv1\" style=\"display: none;\"></div>\\n\\","utility2-comment -->\\n\\","\\n\\","\\n\\","\\n\\","<label>stderr and stdout</label>\\n\\","<textarea class=\"resettable\" id=\"outputTextareaStdout1\" readonly></textarea>\\n\\","<!-- utility2-comment\\n\\","{{#if isRollup}}\\n\\","<script src=\"assets.app.js\"></script>\\n\\","{{#unless isRollup}}\\n\\","utility2-comment -->\\n\\","<script src=\"assets.utility2.rollup.js\"></script>\\n\\","<script src=\"jsonp.utility2._stateInit?callback=window.utility2._stateInit\"></script>\\n\\","<script src=\"assets.npmtest_grunt_notify.rollup.js\"></script>\\n\\","<script src=\"assets.example.js\"></script>\\n\\","<script src=\"assets.test.js\"></script>\\n\\","<!-- utility2-comment\\n\\","{{/if isRollup}}\\n\\","utility2-comment -->\\n\\","<div class=\"utility2FooterDiv\">\\n\\","    [ this app was created with\\n\\","    <a href=\"https://github.com/kaizhu256/node-utility2\" target=\"_blank\">utility2</a>\\n\\","    ]\\n\\","</div>\\n\\","</body>\\n\\","</html>\\n\\","';","        /* jslint-ignore-end */","        if (local.templateRender) {","            local.assetsDict['/'] = local.templateRender(","                local.assetsDict['/assets.index.template.html'],","                {","                    env: local.objectSetDefault(local.env, {","                        npm_package_description: 'the greatest app in the world!',","                        npm_package_name: 'my-app',","                        npm_package_nameAlias: 'my_app',","                        npm_package_version: '0.0.1'","                    })","                }","            );","        } else {","            local.assetsDict['/'] = local.assetsDict['/assets.index.template.html']","                .replace((/\\{\\{env\\.(\\w+?)\\}\\}/g), function (match0, match1) {","                    // jslint-hack","                    String(match0);","                    switch (match1) {","                    case 'npm_package_description':","                        return 'the greatest app in the world!';","                    case 'npm_package_name':","                        return 'my-app';","                    case 'npm_package_nameAlias':","                        return 'my_app';","                    case 'npm_package_version':","                        return '0.0.1';","                    }","                });","        }","        // run the cli","        if (local.global.utility2_rollup || module !== require.main) {","            break;","        }","        local.assetsDict['/assets.example.js'] =","            local.assetsDict['/assets.example.js'] ||","            local.fs.readFileSync(__filename, 'utf8');","        // bug-workaround - long $npm_package_buildCustomOrg","        /* jslint-ignore-begin */","        local.assetsDict['/assets.npmtest_grunt_notify.rollup.js'] =","            local.assetsDict['/assets.npmtest_grunt_notify.rollup.js'] ||","            local.fs.readFileSync(","                local.npmtest_grunt_notify.__dirname + '/lib.npmtest_grunt_notify.js',","                'utf8'","            ).replace((/^#!/), '//');","        /* jslint-ignore-end */","        local.assetsDict['/favicon.ico'] = local.assetsDict['/favicon.ico'] || '';","        // if $npm_config_timeout_exit exists,","        // then exit this process after $npm_config_timeout_exit ms","        if (Number(process.env.npm_config_timeout_exit)) {","            setTimeout(process.exit, Number(process.env.npm_config_timeout_exit));","        }","        // start server","        if (local.global.utility2_serverHttp1) {","            break;","        }","        process.env.PORT = process.env.PORT || '8081';","        console.error('server starting on port ' + process.env.PORT);","        local.http.createServer(function (request, response) {","            request.urlParsed = local.url.parse(request.url);","            if (local.assetsDict[request.urlParsed.pathname] !== undefined) {","                response.end(local.assetsDict[request.urlParsed.pathname]);","                return;","            }","            response.statusCode = 404;","            response.end();","        }).listen(process.env.PORT);","        break;","    }","}());",""],"l":{"26":2,"28":2,"33":2,"35":2,"37":2,"38":2,"39":2,"44":1,"51":2,"55":2,"59":2,"61":2,"69":1,"70":2,"76":2,"79":2,"82":2,"83":2,"85":1,"89":2,"92":1,"93":1,"94":1,"96":1,"97":1,"100":1,"101":1,"103":1,"106":1,"108":2,"114":1,"116":1,"118":1,"123":1,"124":2,"125":2,"126":3,"127":3,"128":3,"129":3,"130":1,"133":3,"134":3,"139":3,"143":1,"144":3,"145":1,"149":1,"150":1,"158":1,"160":1,"161":1,"162":1,"164":1,"166":1,"258":1,"259":1,"271":1,"274":6,"275":6,"277":1,"279":2,"281":1,"283":2,"288":1,"289":1,"291":1,"296":1,"303":1,"306":1,"307":1,"310":1,"311":1,"313":1,"314":1,"315":1,"316":1,"317":1,"318":1,"319":1,"321":1,"322":1,"324":1}},"/home/travis/build/npmtest/node-npmtest-grunt-notify/node_modules/grunt-notify/Gruntfile.js":{"path":"/home/travis/build/npmtest/node-npmtest-grunt-notify/node_modules/grunt-notify/Gruntfile.js","s":{"1":1,"2":0,"3":0,"4":0,"5":0,"6":0,"7":0},"b":{},"f":{"1":0},"fnMap":{"1":{"name":"(anonymous_1)","line":11,"loc":{"start":{"line":11,"column":17},"end":{"line":11,"column":33}}}},"statementMap":{"1":{"start":{"line":11,"column":0},"end":{"line":122,"column":2}},"2":{"start":{"line":13,"column":2},"end":{"line":13,"column":31}},"3":{"start":{"line":15,"column":2},"end":{"line":104,"column":5}},"4":{"start":{"line":106,"column":2},"end":{"line":106,"column":37}},"5":{"start":{"line":107,"column":2},"end":{"line":107,"column":27}},"6":{"start":{"line":111,"column":2},"end":{"line":115,"column":5}},"7":{"start":{"line":118,"column":2},"end":{"line":120,"column":5}}},"branchMap":{},"code":["/*"," * grunt-notify"," * https://github.com/dylang/grunt-notify"," *"," * Copyright (c) 2012 Dylan Greene"," * Licensed under the MIT license."," */","","'use strict';","","module.exports = function(grunt) {","","  require('time-grunt')(grunt);","","  grunt.initConfig({","    // Configuration to be run (and then tested).","    notify: {","      custom_options: {","        options: {","          title: 'Notify Title',","          message: 'This is a \"Notify Message\" test!'","        }","      },","      just_message: {","        options: {","          message: 'Just Message'","        }","      },","      example: {","        options: {","          title: 'Doodle or Die',  // optional","          message: 'Deploy to production success!' //required","        }","      },","      directory: {","        options: {","          title: 'Directory',","          message: 'Look in c:\\\\temp\\\\new\\\\ or /var/tmp/new.'","        }","      },","      newlines: {","        options: {","          title: 'Directory',","          message: 'Line 1\\nLine 2\\nLine3\\nLine 4\\nLine 5.'","        }","      }","    },","","    watch: {","      example: {","        options: {","          spawn: true","        },","        files: [","          'Gruntfile.js',","          'tasks/**/*.js',","          'test/**/*.js'","        ],","        tasks: [","          'notify:custom_options'","        ]","      },","      test: {","        options: {","          spawn: true","        },","        files: [","          'Gruntfile.js',","          'tasks/**/*.js',","          'test/**/*.js'","        ],","        tasks: [","          'jshint',","          'mochaTest'","        ]","      }","    },","","    mochaTest: {","      notify: {","          src: 'test/**/*.test.js',","          options: {","              reporter: 'spec'","          }","      }","    },","","    jshint: {","      options: {","        jshintrc: '.jshintrc',","        force: true","      },","      all: [","        'Gruntfile.js',","        'tasks/**/*.js',","        'tests/**/*',","        'lib/**/*'","      ],","      fixtures: [","        'test/fixtures/*.js'","      ]","    }","","  });","","  require('load-grunt-tasks')(grunt);","  grunt.loadTasks('tasks');","","  // Whenever the \"test\" task is run, first clean the \"tmp\" dir, then run this","  // plugin's task(s), then test the result.","  grunt.registerTask('test', [","    'jshint',","    'notify',","    'mochaTest'","  ]);","","  // By default, lint and run all tests.","  grunt.registerTask('default', [","    'test'","  ]);","","};"],"l":{"11":1,"13":0,"15":0,"106":0,"107":0,"111":0,"118":0}},"/home/travis/build/npmtest/node-npmtest-grunt-notify/node_modules/grunt-notify/lib/notify-lib.js":{"path":"/home/travis/build/npmtest/node-npmtest-grunt-notify/node_modules/grunt-notify/lib/notify-lib.js","s":{"1":2,"2":2,"3":0,"4":0,"5":0,"6":0,"7":1,"8":0,"9":0,"10":0,"11":0,"12":0,"13":0,"14":0,"15":0,"16":0,"17":0,"18":0,"19":0,"20":0,"21":0,"22":0,"23":0,"24":0,"25":1,"26":0,"27":0,"28":0,"29":0,"30":0,"31":0,"32":1,"33":0,"34":0,"35":0,"36":0,"37":0,"38":0,"39":0,"40":0,"41":0,"42":0,"43":0,"44":0,"45":0,"46":0,"47":0,"48":0,"49":0},"b":{"1":[0,0],"2":[0,0],"3":[0,0],"4":[0,0],"5":[0,0],"6":[0,0],"7":[0,0],"8":[0,0],"9":[0,0],"10":[0,0],"11":[0,0],"12":[0,0],"13":[0,0]},"f":{"1":0,"2":0,"3":0,"4":0,"5":0},"fnMap":{"1":{"name":"choosePlatform","line":21,"loc":{"start":{"line":21,"column":0},"end":{"line":21,"column":26}}},"2":{"name":"postNotification","line":66,"loc":{"start":{"line":66,"column":0},"end":{"line":66,"column":39}}},"3":{"name":"resetPreviousTimer","line":79,"loc":{"start":{"line":79,"column":2},"end":{"line":79,"column":42}}},"4":{"name":"(anonymous_4)","line":82,"loc":{"start":{"line":82,"column":38},"end":{"line":82,"column":48}}},"5":{"name":"(anonymous_5)","line":97,"loc":{"start":{"line":97,"column":40},"end":{"line":97,"column":53}}}},"statementMap":{"1":{"start":{"line":10,"column":0},"end":{"line":10,"column":48}},"2":{"start":{"line":11,"column":0},"end":{"line":11,"column":36}},"3":{"start":{"line":14,"column":0},"end":{"line":14,"column":20}},"4":{"start":{"line":15,"column":0},"end":{"line":15,"column":36}},"5":{"start":{"line":16,"column":0},"end":{"line":16,"column":25}},"6":{"start":{"line":19,"column":0},"end":{"line":19,"column":19}},"7":{"start":{"line":21,"column":0},"end":{"line":58,"column":1}},"8":{"start":{"line":23,"column":2},"end":{"line":23,"column":48}},"9":{"start":{"line":27,"column":2},"end":{"line":27,"column":57}},"10":{"start":{"line":29,"column":2},"end":{"line":31,"column":3}},"11":{"start":{"line":30,"column":4},"end":{"line":30,"column":24}},"12":{"start":{"line":33,"column":2},"end":{"line":33,"column":51}},"13":{"start":{"line":35,"column":2},"end":{"line":37,"column":3}},"14":{"start":{"line":36,"column":4},"end":{"line":36,"column":21}},"15":{"start":{"line":39,"column":2},"end":{"line":39,"column":71}},"16":{"start":{"line":41,"column":2},"end":{"line":43,"column":3}},"17":{"start":{"line":42,"column":4},"end":{"line":42,"column":31}},"18":{"start":{"line":45,"column":2},"end":{"line":45,"column":55}},"19":{"start":{"line":47,"column":2},"end":{"line":49,"column":3}},"20":{"start":{"line":48,"column":4},"end":{"line":48,"column":23}},"21":{"start":{"line":51,"column":2},"end":{"line":51,"column":47}},"22":{"start":{"line":53,"column":2},"end":{"line":55,"column":3}},"23":{"start":{"line":54,"column":4},"end":{"line":54,"column":19}},"24":{"start":{"line":57,"column":2},"end":{"line":57,"column":49}},"25":{"start":{"line":66,"column":0},"end":{"line":107,"column":1}},"26":{"start":{"line":68,"column":2},"end":{"line":68,"column":45}},"27":{"start":{"line":69,"column":2},"end":{"line":69,"column":49}},"28":{"start":{"line":71,"column":2},"end":{"line":73,"column":3}},"29":{"start":{"line":72,"column":4},"end":{"line":72,"column":63}},"30":{"start":{"line":75,"column":2},"end":{"line":77,"column":3}},"31":{"start":{"line":76,"column":4},"end":{"line":76,"column":38}},"32":{"start":{"line":79,"column":2},"end":{"line":83,"column":3}},"33":{"start":{"line":80,"column":4},"end":{"line":80,"column":33}},"34":{"start":{"line":81,"column":4},"end":{"line":81,"column":39}},"35":{"start":{"line":82,"column":4},"end":{"line":82,"column":102}},"36":{"start":{"line":82,"column":49},"end":{"line":82,"column":73}},"37":{"start":{"line":85,"column":2},"end":{"line":91,"column":3}},"38":{"start":{"line":86,"column":4},"end":{"line":86,"column":40}},"39":{"start":{"line":87,"column":4},"end":{"line":89,"column":5}},"40":{"start":{"line":88,"column":6},"end":{"line":88,"column":11}},"41":{"start":{"line":90,"column":4},"end":{"line":90,"column":11}},"42":{"start":{"line":93,"column":2},"end":{"line":93,"column":38}},"43":{"start":{"line":95,"column":2},"end":{"line":95,"column":45}},"44":{"start":{"line":97,"column":2},"end":{"line":106,"column":7}},"45":{"start":{"line":98,"column":6},"end":{"line":102,"column":7}},"46":{"start":{"line":99,"column":8},"end":{"line":101,"column":11}},"47":{"start":{"line":103,"column":6},"end":{"line":105,"column":7}},"48":{"start":{"line":104,"column":8},"end":{"line":104,"column":16}},"49":{"start":{"line":109,"column":0},"end":{"line":109,"column":34}}},"branchMap":{"1":{"line":29,"type":"if","locations":[{"start":{"line":29,"column":2},"end":{"line":29,"column":2}},{"start":{"line":29,"column":2},"end":{"line":29,"column":2}}]},"2":{"line":35,"type":"if","locations":[{"start":{"line":35,"column":2},"end":{"line":35,"column":2}},{"start":{"line":35,"column":2},"end":{"line":35,"column":2}}]},"3":{"line":41,"type":"if","locations":[{"start":{"line":41,"column":2},"end":{"line":41,"column":2}},{"start":{"line":41,"column":2},"end":{"line":41,"column":2}}]},"4":{"line":47,"type":"if","locations":[{"start":{"line":47,"column":2},"end":{"line":47,"column":2}},{"start":{"line":47,"column":2},"end":{"line":47,"column":2}}]},"5":{"line":53,"type":"if","locations":[{"start":{"line":53,"column":2},"end":{"line":53,"column":2}},{"start":{"line":53,"column":2},"end":{"line":53,"column":2}}]},"6":{"line":71,"type":"if","locations":[{"start":{"line":71,"column":2},"end":{"line":71,"column":2}},{"start":{"line":71,"column":2},"end":{"line":71,"column":2}}]},"7":{"line":72,"type":"binary-expr","locations":[{"start":{"line":72,"column":11},"end":{"line":72,"column":13}},{"start":{"line":72,"column":17},"end":{"line":72,"column":62}}]},"8":{"line":72,"type":"binary-expr","locations":[{"start":{"line":72,"column":20},"end":{"line":72,"column":36}},{"start":{"line":72,"column":40},"end":{"line":72,"column":61}}]},"9":{"line":75,"type":"if","locations":[{"start":{"line":75,"column":2},"end":{"line":75,"column":2}},{"start":{"line":75,"column":2},"end":{"line":75,"column":2}}]},"10":{"line":85,"type":"if","locations":[{"start":{"line":85,"column":2},"end":{"line":85,"column":2}},{"start":{"line":85,"column":2},"end":{"line":85,"column":2}}]},"11":{"line":87,"type":"if","locations":[{"start":{"line":87,"column":4},"end":{"line":87,"column":4}},{"start":{"line":87,"column":4},"end":{"line":87,"column":4}}]},"12":{"line":98,"type":"if","locations":[{"start":{"line":98,"column":6},"end":{"line":98,"column":6}},{"start":{"line":98,"column":6},"end":{"line":98,"column":6}}]},"13":{"line":103,"type":"if","locations":[{"start":{"line":103,"column":6},"end":{"line":103,"column":6}},{"start":{"line":103,"column":6},"end":{"line":103,"column":6}}]}},"code":["/*"," * grunt-notify"," * https://github.com/dylang/grunt-notify"," *"," * Copyright (c) 2013 Dylan Greene"," * Licensed under the MIT license."," */","","'use strict';","var removeColor = require('./util/removeColor');","var debug = require('./util/debug');","","// Don't show the same message twice in a row","var previousMessage;","var previousMessageTimeoutMS = 1000;","var previousMessageTimer;","","","var notifyPlatform;","","function choosePlatform() {","","  var options = { debug: debug('grunt-notify')};","","  // This needs to be cleaned up to make it easier to add new platforms","","  var growl_notify = require('./platforms/growl-notify');","","  if (growl_notify.supported(options)) {","    return growl_notify;","  }","","  var hey_snarl = require('./platforms/hey-snarl');","","  if (hey_snarl.supported(options)) {","    return hey_snarl;","  }","","  var notification_center = require('./platforms/notification-center');","","  if (notification_center.supported(options)) {","    return notification_center;","  }","","  var notify_send = require('./platforms/notify-send');","","  if (notify_send.supported(options)) {","    return notify_send;","  }","","  var toaster = require('./platforms/toaster');","","  if (toaster.supported(options)) {","    return toaster;","  }","","  return require('./platforms/no-notifications');","}","","","/**"," * Public function to notify"," * @param options - options.message is the only required value. title is recommended. subtitle is going overboard."," * @param [cb] - optional callback. function(err, stdout, stderr)"," */","function postNotification(options, cb) {","","  options.title = removeColor(options.title);","  options.message = removeColor(options.message);","","  if (!options.message) {","    return cb && cb(!options.message && 'Message is required');","  }","","  if (!notifyPlatform) {","    notifyPlatform = choosePlatform();","  }","","  function resetPreviousTimer(newMessage) {","    previousMessage = newMessage;","    clearTimeout(previousMessageTimer);","    previousMessageTimer = setTimeout(function(){previousMessage = false;}, previousMessageTimeoutMS);","  }","","  if (options.message === previousMessage) {","    resetPreviousTimer(options.message);","    if (typeof cb === 'function') {","      cb();","    }","    return;","  }","","  resetPreviousTimer(options.message);","","  options.debug = debug(notifyPlatform.name); //for debug logging","","  return notifyPlatform.notify(options, function(err){","      if (err) {","        options.debug({","          return_code: err","        });","      }","      if (typeof cb === 'function') {","        cb(err);","      }","    });","}","","module.exports = postNotification;",""],"l":{"10":2,"11":2,"14":0,"15":0,"16":0,"19":0,"21":1,"23":0,"27":0,"29":0,"30":0,"33":0,"35":0,"36":0,"39":0,"41":0,"42":0,"45":0,"47":0,"48":0,"51":0,"53":0,"54":0,"57":0,"66":1,"68":0,"69":0,"71":0,"72":0,"75":0,"76":0,"79":1,"80":0,"81":0,"82":0,"85":0,"86":0,"87":0,"88":0,"90":0,"93":0,"95":0,"97":0,"98":0,"99":0,"103":0,"104":0,"109":0}},"/home/travis/build/npmtest/node-npmtest-grunt-notify/node_modules/grunt-notify/lib/util/removeColor.js":{"path":"/home/travis/build/npmtest/node-npmtest-grunt-notify/node_modules/grunt-notify/lib/util/removeColor.js","s":{"1":1,"2":0,"3":1},"b":{"1":[0,0]},"f":{"1":0},"fnMap":{"1":{"name":"removeColor","line":1,"loc":{"start":{"line":1,"column":0},"end":{"line":1,"column":26}}}},"statementMap":{"1":{"start":{"line":1,"column":0},"end":{"line":3,"column":1}},"2":{"start":{"line":2,"column":2},"end":{"line":2,"column":107}},"3":{"start":{"line":5,"column":0},"end":{"line":5,"column":29}}},"branchMap":{"1":{"line":2,"type":"cond-expr","locations":[{"start":{"line":2,"column":35},"end":{"line":2,"column":100}},{"start":{"line":2,"column":103},"end":{"line":2,"column":106}}]}},"code":["function removeColor(str) {","  return typeof str === 'string' ? str.replace(/\\x1B\\[([0-9]{1,2}(;[0-9]{1,2})?)?[m|K]/g, '').trim() : str;","}","","module.exports = removeColor;"],"l":{"1":1,"2":0,"5":1}},"/home/travis/build/npmtest/node-npmtest-grunt-notify/node_modules/grunt-notify/lib/util/debug.js":{"path":"/home/travis/build/npmtest/node-npmtest-grunt-notify/node_modules/grunt-notify/lib/util/debug.js","s":{"1":4,"2":1,"3":0,"4":0,"5":0,"6":0,"7":0},"b":{},"f":{"1":0,"2":0,"3":0,"4":0},"fnMap":{"1":{"name":"debug","line":3,"loc":{"start":{"line":3,"column":0},"end":{"line":3,"column":26}}},"2":{"name":"(anonymous_2)","line":4,"loc":{"start":{"line":4,"column":27},"end":{"line":4,"column":40}}},"3":{"name":"(anonymous_3)","line":9,"loc":{"start":{"line":9,"column":17},"end":{"line":9,"column":32}}},"4":{"name":"(anonymous_4)","line":10,"loc":{"start":{"line":10,"column":9},"end":{"line":10,"column":23}}}},"statementMap":{"1":{"start":{"line":1,"column":0},"end":{"line":1,"column":29}},"2":{"start":{"line":3,"column":0},"end":{"line":7,"column":1}},"3":{"start":{"line":4,"column":2},"end":{"line":6,"column":5}},"4":{"start":{"line":5,"column":4},"end":{"line":5,"column":64}},"5":{"start":{"line":9,"column":0},"end":{"line":13,"column":2}},"6":{"start":{"line":10,"column":2},"end":{"line":12,"column":4}},"7":{"start":{"line":11,"column":4},"end":{"line":11,"column":21}}},"branchMap":{},"code":["var grunt = require('grunt');","","function debug(name, obj) {","  Object.keys(obj).forEach(function(key){","    grunt.verbose.ok('[' + name + '] ' + key + ': ' + obj[key]);","  });","}","","module.exports = function(name) {","  return function(obj) {","    debug(name, obj);","  };","};",""],"l":{"1":4,"3":1,"4":0,"5":0,"9":0,"10":0,"11":0}},"/home/travis/build/npmtest/node-npmtest-grunt-notify/node_modules/grunt-notify/tasks/notify_hooks.js":{"path":"/home/travis/build/npmtest/node-npmtest-grunt-notify/node_modules/grunt-notify/tasks/notify_hooks.js","s":{"1":1,"2":0,"3":0,"4":0,"5":0,"6":0,"7":0,"8":0,"9":0},"b":{},"f":{"1":0,"2":0},"fnMap":{"1":{"name":"gruntTask","line":10,"loc":{"start":{"line":10,"column":17},"end":{"line":10,"column":43}}},"2":{"name":"(anonymous_2)","line":26,"loc":{"start":{"line":26,"column":81},"end":{"line":26,"column":91}}}},"statementMap":{"1":{"start":{"line":10,"column":0},"end":{"line":31,"column":2}},"2":{"start":{"line":12,"column":2},"end":{"line":12,"column":65}},"3":{"start":{"line":15,"column":2},"end":{"line":21,"column":4}},"4":{"start":{"line":23,"column":2},"end":{"line":23,"column":72}},"5":{"start":{"line":24,"column":2},"end":{"line":24,"column":76}},"6":{"start":{"line":26,"column":2},"end":{"line":30,"column":5}},"7":{"start":{"line":27,"column":4},"end":{"line":27,"column":41}},"8":{"start":{"line":28,"column":4},"end":{"line":28,"column":35}},"9":{"start":{"line":29,"column":4},"end":{"line":29,"column":37}}},"branchMap":{},"code":["/*"," * grunt-notify"," * https://github.com/dylang/grunt-notify"," *"," * Copyright (c) 2013 Dylan Greene"," * Licensed under the MIT license."," */","'use strict';","","module.exports = function gruntTask(grunt) {","","  var guessProjectName = require('../lib/util/guessProjectName');","","  // All of these settings are customizable via notify_hooks","  var defaults = {","    enabled: true,","    max_jshint_notifications: 5,","    title: guessProjectName(),","\t  success: false,","\t  duration: null","  };","","  var notifyFail = require('../lib/hooks/notify-fail')(grunt, defaults);","  var notifyJSHint = require('../lib/hooks/notify-jshint')(grunt, defaults);","","  grunt.registerTask('notify_hooks', 'Config the automatic notification hooks.', function(){","    var options = this.options(defaults);","    notifyFail.setOptions(options);","    notifyJSHint.setOptions(options);","  });","};"],"l":{"10":1,"12":0,"15":0,"23":0,"24":0,"26":0,"27":0,"28":0,"29":0}},"/home/travis/build/npmtest/node-npmtest-grunt-notify/node_modules/grunt-notify/tasks/notify.js":{"path":"/home/travis/build/npmtest/node-npmtest-grunt-notify/node_modules/grunt-notify/tasks/notify.js","s":{"1":1,"2":0,"3":0,"4":0,"5":0,"6":0,"7":0,"8":0,"9":0,"10":0},"b":{"1":[0,0]},"f":{"1":0,"2":0},"fnMap":{"1":{"name":"gruntTask","line":9,"loc":{"start":{"line":9,"column":17},"end":{"line":9,"column":43}}},"2":{"name":"(anonymous_2)","line":20,"loc":{"start":{"line":20,"column":89},"end":{"line":20,"column":100}}}},"statementMap":{"1":{"start":{"line":9,"column":0},"end":{"line":30,"column":2}},"2":{"start":{"line":11,"column":2},"end":{"line":11,"column":44}},"3":{"start":{"line":12,"column":2},"end":{"line":12,"column":65}},"4":{"start":{"line":14,"column":2},"end":{"line":17,"column":4}},"5":{"start":{"line":20,"column":2},"end":{"line":29,"column":5}},"6":{"start":{"line":21,"column":4},"end":{"line":21,"column":41}},"7":{"start":{"line":22,"column":4},"end":{"line":22,"column":28}},"8":{"start":{"line":24,"column":4},"end":{"line":28,"column":5}},"9":{"start":{"line":25,"column":6},"end":{"line":25,"column":28}},"10":{"start":{"line":27,"column":6},"end":{"line":27,"column":118}}},"branchMap":{"1":{"line":24,"type":"if","locations":[{"start":{"line":24,"column":4},"end":{"line":24,"column":4}},{"start":{"line":24,"column":4},"end":{"line":24,"column":4}}]}},"code":["/*"," * grunt-notify"," * https://github.com/dylang/grunt-notify"," *"," * Copyright (c) 2013 Dylan Greene"," * Licensed under the MIT license."," */","'use strict';","module.exports = function gruntTask(grunt) {","","  var notify = require('../lib/notify-lib');","  var guessProjectName = require('../lib/util/guessProjectName');","","  var defaults = {","    title:    guessProjectName(),","    message:  '' //required","  };","","  // Use this to show an arbitrary notification.","  grunt.registerMultiTask('notify', 'Show an arbitrary notification whenever you need.', function() {","    var options = this.options(defaults);","    var done = this.async();","","    if (options.message) {","      notify(options, done);","    } else {","      done(new Error('Notify message is required. Make sure your notify configuration is inside an options object.'));","    }","  });","};",""],"l":{"9":1,"11":0,"12":0,"14":0,"20":0,"21":0,"22":0,"24":0,"25":0,"27":0}},"/home/travis/build/npmtest/node-npmtest-grunt-notify/node_modules/grunt-notify/lib/hooks/notify-fail.js":{"path":"/home/travis/build/npmtest/node-npmtest-grunt-notify/node_modules/grunt-notify/lib/hooks/notify-fail.js","s":{"1":1,"2":0,"3":0,"4":0,"5":0,"6":0,"7":1,"8":0,"9":0,"10":0,"11":1,"12":0,"13":0,"14":0,"15":0,"16":0,"17":0,"18":0,"19":0,"20":0,"21":1,"22":0,"23":0,"24":0,"25":0,"26":0,"27":0,"28":0,"29":0,"30":0,"31":0,"32":1,"33":0,"34":0,"35":0,"36":0,"37":0,"38":0,"39":0,"40":0,"41":0,"42":0,"43":0,"44":0,"45":0,"46":0,"47":0,"48":0,"49":0,"50":0,"51":0,"52":0,"53":0,"54":0,"55":0,"56":0,"57":0,"58":1,"59":0,"60":0,"61":0},"b":{"1":[0,0],"2":[0,0],"3":[0,0],"4":[0,0],"5":[0,0],"6":[0,0],"7":[0,0],"8":[0,0,0],"9":[0,0],"10":[0,0],"11":[0,0],"12":[0,0],"13":[0,0],"14":[0,0],"15":[0,0],"16":[0,0],"17":[0,0],"18":[0,0],"19":[0,0],"20":[0,0]},"f":{"1":0,"2":0,"3":0,"4":0,"5":0,"6":0},"fnMap":{"1":{"name":"(anonymous_1)","line":10,"loc":{"start":{"line":10,"column":17},"end":{"line":10,"column":43}}},"2":{"name":"toggleSuccessNotify","line":19,"loc":{"start":{"line":19,"column":2},"end":{"line":19,"column":33}}},"3":{"name":"watchForContribWatchWarnings","line":27,"loc":{"start":{"line":27,"column":2},"end":{"line":27,"column":43}}},"4":{"name":"exception","line":46,"loc":{"start":{"line":46,"column":2},"end":{"line":46,"column":24}}},"5":{"name":"notifyHook","line":77,"loc":{"start":{"line":77,"column":2},"end":{"line":77,"column":25}}},"6":{"name":"setOptions","line":136,"loc":{"start":{"line":136,"column":2},"end":{"line":136,"column":28}}}},"statementMap":{"1":{"start":{"line":10,"column":0},"end":{"line":144,"column":2}},"2":{"start":{"line":12,"column":2},"end":{"line":12,"column":24}},"3":{"start":{"line":13,"column":2},"end":{"line":13,"column":44}},"4":{"start":{"line":14,"column":2},"end":{"line":14,"column":40}},"5":{"start":{"line":15,"column":2},"end":{"line":15,"column":51}},"6":{"start":{"line":17,"column":2},"end":{"line":17,"column":26}},"7":{"start":{"line":19,"column":2},"end":{"line":25,"column":3}},"8":{"start":{"line":20,"column":4},"end":{"line":24,"column":5}},"9":{"start":{"line":21,"column":6},"end":{"line":21,"column":63}},"10":{"start":{"line":23,"column":6},"end":{"line":23,"column":53}},"11":{"start":{"line":27,"column":2},"end":{"line":44,"column":3}},"12":{"start":{"line":29,"column":4},"end":{"line":31,"column":5}},"13":{"start":{"line":30,"column":6},"end":{"line":30,"column":13}},"14":{"start":{"line":33,"column":4},"end":{"line":33,"column":29}},"15":{"start":{"line":34,"column":4},"end":{"line":34,"column":55}},"16":{"start":{"line":36,"column":4},"end":{"line":38,"column":5}},"17":{"start":{"line":37,"column":6},"end":{"line":37,"column":54}},"18":{"start":{"line":39,"column":4},"end":{"line":41,"column":5}},"19":{"start":{"line":40,"column":6},"end":{"line":40,"column":58}},"20":{"start":{"line":43,"column":4},"end":{"line":43,"column":13}},"21":{"start":{"line":46,"column":2},"end":{"line":70,"column":3}},"22":{"start":{"line":47,"column":4},"end":{"line":47,"column":34}},"23":{"start":{"line":49,"column":4},"end":{"line":57,"column":5}},"24":{"start":{"line":50,"column":6},"end":{"line":50,"column":45}},"25":{"start":{"line":51,"column":6},"end":{"line":51,"column":27}},"26":{"start":{"line":54,"column":6},"end":{"line":56,"column":7}},"27":{"start":{"line":55,"column":8},"end":{"line":55,"column":34}},"28":{"start":{"line":59,"column":4},"end":{"line":67,"column":5}},"29":{"start":{"line":60,"column":6},"end":{"line":64,"column":19}},"30":{"start":{"line":66,"column":6},"end":{"line":66,"column":26}},"31":{"start":{"line":69,"column":4},"end":{"line":69,"column":19}},"32":{"start":{"line":77,"column":2},"end":{"line":117,"column":3}},"33":{"start":{"line":79,"column":4},"end":{"line":79,"column":20}},"34":{"start":{"line":81,"column":4},"end":{"line":81,"column":16}},"35":{"start":{"line":83,"column":4},"end":{"line":85,"column":5}},"36":{"start":{"line":84,"column":6},"end":{"line":84,"column":13}},"37":{"start":{"line":87,"column":4},"end":{"line":89,"column":5}},"38":{"start":{"line":88,"column":6},"end":{"line":88,"column":13}},"39":{"start":{"line":91,"column":4},"end":{"line":93,"column":5}},"40":{"start":{"line":92,"column":6},"end":{"line":92,"column":15}},"41":{"start":{"line":95,"column":4},"end":{"line":101,"column":5}},"42":{"start":{"line":96,"column":6},"end":{"line":96,"column":26}},"43":{"start":{"line":97,"column":11},"end":{"line":101,"column":5}},"44":{"start":{"line":98,"column":6},"end":{"line":98,"column":29}},"45":{"start":{"line":100,"column":6},"end":{"line":100,"column":23}},"46":{"start":{"line":103,"column":4},"end":{"line":106,"column":5}},"47":{"start":{"line":105,"column":6},"end":{"line":105,"column":13}},"48":{"start":{"line":110,"column":4},"end":{"line":110,"column":59}},"49":{"start":{"line":112,"column":4},"end":{"line":116,"column":7}},"50":{"start":{"line":120,"column":2},"end":{"line":120,"column":52}},"51":{"start":{"line":121,"column":2},"end":{"line":121,"column":57}},"52":{"start":{"line":123,"column":2},"end":{"line":123,"column":58}},"53":{"start":{"line":124,"column":2},"end":{"line":124,"column":56}},"54":{"start":{"line":125,"column":2},"end":{"line":125,"column":57}},"55":{"start":{"line":127,"column":2},"end":{"line":127,"column":58}},"56":{"start":{"line":129,"column":2},"end":{"line":129,"column":24}},"57":{"start":{"line":134,"column":2},"end":{"line":134,"column":77}},"58":{"start":{"line":136,"column":2},"end":{"line":139,"column":3}},"59":{"start":{"line":137,"column":4},"end":{"line":137,"column":19}},"60":{"start":{"line":138,"column":4},"end":{"line":138,"column":26}},"61":{"start":{"line":141,"column":2},"end":{"line":143,"column":4}}},"branchMap":{"1":{"line":20,"type":"if","locations":[{"start":{"line":20,"column":4},"end":{"line":20,"column":4}},{"start":{"line":20,"column":4},"end":{"line":20,"column":4}}]},"2":{"line":29,"type":"if","locations":[{"start":{"line":29,"column":4},"end":{"line":29,"column":4}},{"start":{"line":29,"column":4},"end":{"line":29,"column":4}}]},"3":{"line":29,"type":"binary-expr","locations":[{"start":{"line":29,"column":8},"end":{"line":29,"column":10}},{"start":{"line":29,"column":14},"end":{"line":29,"column":35}}]},"4":{"line":36,"type":"if","locations":[{"start":{"line":36,"column":4},"end":{"line":36,"column":4}},{"start":{"line":36,"column":4},"end":{"line":36,"column":4}}]},"5":{"line":39,"type":"if","locations":[{"start":{"line":39,"column":4},"end":{"line":39,"column":4}},{"start":{"line":39,"column":4},"end":{"line":39,"column":4}}]},"6":{"line":49,"type":"if","locations":[{"start":{"line":49,"column":4},"end":{"line":49,"column":4}},{"start":{"line":49,"column":4},"end":{"line":49,"column":4}}]},"7":{"line":49,"type":"binary-expr","locations":[{"start":{"line":49,"column":8},"end":{"line":49,"column":15}},{"start":{"line":49,"column":19},"end":{"line":49,"column":46}}]},"8":{"line":54,"type":"binary-expr","locations":[{"start":{"line":54,"column":13},"end":{"line":54,"column":18}},{"start":{"line":54,"column":23},"end":{"line":54,"column":56}},{"start":{"line":54,"column":60},"end":{"line":54,"column":82}}]},"9":{"line":59,"type":"if","locations":[{"start":{"line":59,"column":4},"end":{"line":59,"column":4}},{"start":{"line":59,"column":4},"end":{"line":59,"column":4}}]},"10":{"line":59,"type":"binary-expr","locations":[{"start":{"line":59,"column":8},"end":{"line":59,"column":13}},{"start":{"line":59,"column":17},"end":{"line":59,"column":27}}]},"11":{"line":83,"type":"if","locations":[{"start":{"line":83,"column":4},"end":{"line":83,"column":4}},{"start":{"line":83,"column":4},"end":{"line":83,"column":4}}]},"12":{"line":87,"type":"if","locations":[{"start":{"line":87,"column":4},"end":{"line":87,"column":4}},{"start":{"line":87,"column":4},"end":{"line":87,"column":4}}]},"13":{"line":91,"type":"if","locations":[{"start":{"line":91,"column":4},"end":{"line":91,"column":4}},{"start":{"line":91,"column":4},"end":{"line":91,"column":4}}]},"14":{"line":91,"type":"binary-expr","locations":[{"start":{"line":91,"column":8},"end":{"line":91,"column":9}},{"start":{"line":91,"column":13},"end":{"line":91,"column":27}}]},"15":{"line":95,"type":"if","locations":[{"start":{"line":95,"column":4},"end":{"line":95,"column":4}},{"start":{"line":95,"column":4},"end":{"line":95,"column":4}}]},"16":{"line":97,"type":"if","locations":[{"start":{"line":97,"column":11},"end":{"line":97,"column":11}},{"start":{"line":97,"column":11},"end":{"line":97,"column":11}}]},"17":{"line":97,"type":"binary-expr","locations":[{"start":{"line":97,"column":15},"end":{"line":97,"column":24}},{"start":{"line":97,"column":28},"end":{"line":97,"column":35}}]},"18":{"line":103,"type":"if","locations":[{"start":{"line":103,"column":4},"end":{"line":103,"column":4}},{"start":{"line":103,"column":4},"end":{"line":103,"column":4}}]},"19":{"line":103,"type":"binary-expr","locations":[{"start":{"line":103,"column":8},"end":{"line":103,"column":25}},{"start":{"line":103,"column":29},"end":{"line":103,"column":67}}]},"20":{"line":113,"type":"cond-expr","locations":[{"start":{"line":113,"column":60},"end":{"line":113,"column":93}},{"start":{"line":113,"column":96},"end":{"line":113,"column":98}}]}},"code":["/*"," * grunt-notify"," * https://github.com/dylang/grunt-notify"," *"," * Copyright (c) 2013 Dylan Gr
[...]
options, cb) {","","  var args = [","    'notify?' +","    'title=' + escape(options.title) + '&' +","    'text=' + escape(options.message) + '&' +","    'icon=' + (options.image || DEFAULT_IMAGE)","    ];","","  options.debug({","    cmd: fullPathToApplication,","    args: args.join(' ')","  });","","  spawn(fullPathToApplication || 'echo', args, function(code){","    options.debug({return_code: code});","    if (code < 200 && code > 0) {","      cb(code);","    } else {","      cb();","    }","  });","}","","module.exports = {","  name: NOTIFY_TYPE,","  notify: notify,","  supported: supported","};"],"l":{"10":2,"12":2,"13":2,"14":2,"15":0,"17":0,"19":0,"20":0,"22":1,"24":0,"25":0,"26":0,"27":0,"29":0,"36":0,"38":1,"40":0,"48":0,"51":1,"52":0,"55":1,"57":0,"64":0,"69":0,"70":0,"71":0,"72":0,"74":0,"79":0}},"/home/travis/build/npmtest/node-npmtest-grunt-notify/node_modules/grunt-notify/lib/platforms/no-notifications.js":{"path":"/home/travis/build/npmtest/node-npmtest-grunt-notify/node_modules/grunt-notify/lib/platforms/no-notifications.js","s":{"1":1,"2":1,"3":0,"4":0,"5":1,"6":0,"7":0,"8":1},"b":{},"f":{"1":0,"2":0},"fnMap":{"1":{"name":"supported","line":12,"loc":{"start":{"line":12,"column":0},"end":{"line":12,"column":28}}},"2":{"name":"notify","line":19,"loc":{"start":{"line":19,"column":0},"end":{"line":19,"column":29}}}},"statementMap":{"1":{"start":{"line":10,"column":0},"end":{"line":10,"column":37}},"2":{"start":{"line":12,"column":0},"end":{"line":17,"column":1}},"3":{"start":{"line":13,"column":2},"end":{"line":15,"column":5}},"4":{"start":{"line":16,"column":2},"end":{"line":16,"column":14}},"5":{"start":{"line":19,"column":0},"end":{"line":25,"column":1}},"6":{"start":{"line":20,"column":2},"end":{"line":23,"column":5}},"7":{"start":{"line":24,"column":2},"end":{"line":24,"column":7}},"8":{"start":{"line":27,"column":0},"end":{"line":31,"column":2}}},"branchMap":{},"code":["/*"," * grunt-notify"," * https://github.com/dylang/grunt-notify"," *"," * Copyright (c) 2013 Dylan Greene"," * Licensed under the MIT license."," */","'use strict';","","var NOTIFY_TYPE = 'no-notifications';","","function supported(options) {","  options.debug({","    fallback: 'No supported notification systems were found'","  });","  return true;","}","","function notify(options, cb) {","  options.debug({","    title: options.title,","    message: options.message","  });","  cb();","}","","module.exports = {","  name: NOTIFY_TYPE,","  supported: supported,","  notify: notify","};"],"l":{"10":1,"12":1,"13":0,"16":0,"19":1,"20":0,"24":0,"27":1}},"/home/travis/build/npmtest/node-npmtest-grunt-notify/node_modules/grunt-notify/lib/platforms/notification-center.js":{"path":"/home/travis/build/npmtest/node-npmtest-grunt-notify/node_modules/grunt-notify/lib/platforms/notification-center.js","s":{"1":2,"2":2,"3":0,"4":0,"5":0,"6":0,"7":1,"8":0,"9":0,"10":0,"11":0,"12":0,"13":0,"14":0,"15":1,"16":0,"17":0,"18":0,"19":1,"20":0,"21":0,"22":0,"23":0,"24":0,"25":0,"26":0},"b":{"1":[0,0],"2":[0,0],"3":[0,0],"4":[0,0],"5":[0,0]},"f":{"1":0,"2":0,"3":0,"4":0},"fnMap":{"1":{"name":"notificationCenterSupported","line":23,"loc":{"start":{"line":23,"column":0},"end":{"line":23,"column":46}}},"2":{"name":"pluckAsArg","line":44,"loc":{"start":{"line":44,"column":0},"end":{"line":44,"column":35}}},"3":{"name":"notify","line":54,"loc":{"start":{"line":54,"column":0},"end":{"line":54,"column":29}}},"4":{"name":"(anonymous_4)","line":65,"loc":{"start":{"line":65,"column":19},"end":{"line":65,"column":34}}}},"statementMap":{"1":{"start":{"line":10,"column":0},"end":{"line":10,"column":40}},"2":{"start":{"line":12,"column":0},"end":{"line":12,"column":37}},"3":{"start":{"line":13,"column":0},"end":{"line":13,"column":27}},"4":{"start":{"line":14,"column":0},"end":{"line":14,"column":23}},"5":{"start":{"line":15,"column":0},"end":{"line":15,"column":31}},"6":{"start":{"line":21,"column":0},"end":{"line":21,"column":78}},"7":{"start":{"line":23,"column":0},"end":{"line":42,"column":1}},"8":{"start":{"line":24,"column":2},"end":{"line":24,"column":38}},"9":{"start":{"line":25,"column":2},"end":{"line":25,"column":20}},"10":{"start":{"line":26,"column":2},"end":{"line":30,"column":3}},"11":{"start":{"line":27,"column":4},"end":{"line":27,"column":73}},"12":{"start":{"line":29,"column":4},"end":{"line":29,"column":37}},"13":{"start":{"line":33,"column":2},"end":{"line":39,"column":5}},"14":{"start":{"line":41,"column":2},"end":{"line":41,"column":33}},"15":{"start":{"line":44,"column":0},"end":{"line":52,"column":1}},"16":{"start":{"line":45,"column":2},"end":{"line":50,"column":3}},"17":{"start":{"line":46,"column":4},"end":{"line":49,"column":6}},"18":{"start":{"line":51,"column":2},"end":{"line":51,"column":12}},"19":{"start":{"line":54,"column":0},"end":{"line":72,"column":1}},"20":{"start":{"line":56,"column":2},"end":{"line":58,"column":44}},"21":{"start":{"line":60,"column":2},"end":{"line":63,"column":5}},"22":{"start":{"line":65,"column":2},"end":{"line":71,"column":5}},"23":{"start":{"line":66,"column":4},"end":{"line":70,"column":5}},"24":{"start":{"line":67,"column":6},"end":{"line":67,"column":15}},"25":{"start":{"line":69,"column":6},"end":{"line":69,"column":11}},"26":{"start":{"line":75,"column":0},"end":{"line":79,"column":2}}},"branchMap":{"1":{"line":27,"type":"binary-expr","locations":[{"start":{"line":27,"column":20},"end":{"line":27,"column":26}},{"start":{"line":27,"column":30},"end":{"line":27,"column":72}}]},"2":{"line":38,"type":"cond-expr","locations":[{"start":{"line":38,"column":41},"end":{"line":38,"column":71}},{"start":{"line":38,"column":74},"end":{"line":38,"column":102}}]},"3":{"line":41,"type":"binary-expr","locations":[{"start":{"line":41,"column":9},"end":{"line":41,"column":15}},{"start":{"line":41,"column":19},"end":{"line":41,"column":32}}]},"4":{"line":45,"type":"if","locations":[{"start":{"line":45,"column":2},"end":{"line":45,"column":2}},{"start":{"line":45,"column":2},"end":{"line":45,"column":2}}]},"5":{"line":66,"type":"if","locations":[{"start":{"line":66,"column":4},"end":{"line":66,"column":4}},{"start":{"line":66,"column":4},"end":{"line":66,"column":4}}]}},"code":["/*"," * grunt-notify"," * https://github.com/dylang/grunt-notify"," *"," * Copyright (c) 2013 Dylan Greene"," * Licensed under the MIT license."," */","'use strict';","","var NOTIFY_TYPE = 'notification-center';","","var spawn = require('../util/spawn');","var path = require('path');","var os = require('os');","var semver = require('semver');","","","// OSX notification system doesn't have an API Node can access so we are using","// Grunt.app, a modified version of Terminal Notifier, but with the Grunt icon,","// originally created by Eloy Durán https://github.com/alloy/terminal-notifier","var cmd = path.resolve(__dirname, '../../bin/Grunt.app/Contents/MacOS/Grunt');","","function notificationCenterSupported(options) {","  var IS_MAC = os.type() === 'Darwin';","  var MOUNTAIN_LION;","  try {","    MOUNTAIN_LION = IS_MAC && semver.satisfies(os.release(), '>=12.0.0');","  } catch (e) {","    options.debug({semverError: e });","  }","","","  options.debug({","    os: os.type(),","    version: os.release(),","    IS_MAC: IS_MAC,","    MOUNTAIN_LION: MOUNTAIN_LION,","    notification_center: MOUNTAIN_LION ? 'Will use Notification Center' : 'Not available for your OS.'","  });","","  return IS_MAC && MOUNTAIN_LION;","}","","function pluckAsArg(options, prop) {","  if (options[prop]) {","    return [","      '-' + prop,","      options[prop]","    ];","  }","  return [];","}","","function notify(options, cb) {","","  var args = []","    .concat(pluckAsArg(options, 'title'))","    .concat(pluckAsArg(options, 'message'));","","  options.debug({","    cmd: cmd,","    args: args.join(' ')","  });","","  spawn(cmd, args, function(code) {","    if (code !== 0) {","      cb(code);","    } else {","      cb();","    }","  });","}","","","module.exports = {","  name: NOTIFY_TYPE,","  notify: notify,","  supported: notificationCenterSupported","};"],"l":{"10":2,"12":2,"13":0,"14":0,"15":0,"21":0,"23":1,"24":0,"25":0,"26":0,"27":0,"29":0,"33":0,"41":0,"44":1,"45":0,"46":0,"51":0,"54":1,"56":0,"60":0,"65":0,"66":0,"67":0,"69":0,"75":0}},"/home/travis/build/npmtest/node-npmtest-grunt-notify/node_modules/grunt-notify/lib/platforms/notify-send.js":{"path":"/home/travis/build/npmtest/node-npmtest-grunt-notify/node_modules/grunt-notify/lib/platforms/notify-send.js","s":{"1":2,"2":2,"3":2,"4":0,"5":0,"6":0,"7":0,"8":1,"9":0,"10":0,"11":0,"12":1,"13":0,"14":0,"15":0,"16":0,"17":0,"18":0,"19":0},"b":{"1":[0,0],"2":[0,0],"3":[0,0]},"f":{"1":0,"2":0,"3":0},"fnMap":{"1":{"name":"supported","line":19,"loc":{"start":{"line":19,"column":0},"end":{"line":19,"column":28}}},"2":{"name":"notify","line":30,"loc":{"start":{"line":30,"column":0},"end":{"line":30,"column":29}}},"3":{"name":"(anonymous_3)","line":45,"loc":{"start":{"line":45,"column":19},"end":{"line":45,"column":34}}}},"statementMap":{"1":{"start":{"line":10,"column":0},"end":{"line":10,"column":32}},"2":{"start":{"line":12,"column":0},"end":{"line":12,"column":27}},"3":{"start":{"line":13,"column":0},"end":{"line":13,"column":37}},"4":{"start":{"line":14,"column":0},"end":{"line":14,"column":41}},"5":{"start":{"line":15,"column":0},"end":{"line":15,"column":75}},"6":{"start":{"line":16,"column":0},"end":{"line":16,"column":28}},"7":{"start":{"line":17,"column":0},"end":{"line":17,"column":24}},"8":{"start":{"line":19,"column":0},"end":{"line":28,"column":1}},"9":{"start":{"line":21,"column":2},"end":{"line":21,"column":25}},"10":{"start":{"line":23,"column":2},"end":{"line":25,"column":5}},"11":{"start":{"line":27,"column":2},"end":{"line":27,"column":24}},"12":{"start":{"line":30,"column":0},"end":{"line":52,"column":1}},"13":{"start":{"line":32,"column":2},"end":{"line":38,"column":4}},"14":{"start":{"line":40,"column":2},"end":{"line":43,"column":5}},"15":{"start":{"line":45,"column":2},"end":{"line":51,"column":5}},"16":{"start":{"line":46,"column":4},"end":{"line":50,"column":5}},"17":{"start":{"line":47,"column":6},"end":{"line":47,"column":15}},"18":{"start":{"line":49,"column":6},"end":{"line":49,"column":11}},"19":{"start":{"line":54,"column":0},"end":{"line":58,"column":2}}},"branchMap":{"1":{"line":24,"type":"binary-expr","locations":[{"start":{"line":24,"column":19},"end":{"line":24,"column":22}},{"start":{"line":24,"column":26},"end":{"line":24,"column":66}}]},"2":{"line":35,"type":"binary-expr","locations":[{"start":{"line":35,"column":24},"end":{"line":35,"column":47}},{"start":{"line":35,"column":51},"end":{"line":35,"column":67}}]},"3":{"line":46,"type":"if","locations":[{"start":{"line":46,"column":4},"end":{"line":46,"column":4}},{"start":{"line":46,"column":4},"end":{"line":46,"column":4}}]}},"code":["/*"," * grunt-notify"," * https://github.com/dylang/grunt-notify"," *"," * Copyright (c) 2013 Dylan Greene"," * Licensed under the MIT license."," */","'use strict';","","var NOTIFY_TYPE = 'notify-send';","","var path = require('path');","var spawn = require('../util/spawn');","var findApp = require('../util/findApp');","var DEFAULT_IMAGE = path.resolve(__dirname, '../../images/grunt-logo.png');","var DEFAULT_DURATION = 3000;","var CMD = 'notify-send';","","function supported(options) {","","  var app = findApp(CMD);","","  options.debug({","    'notify-send': app || 'notify-send was not found in your path'","  });","","  return !!findApp(CMD);","}","","function notify(options, cb) {","","  var args = [","    '--hint=int:transient:1',","    '--icon=' + DEFAULT_IMAGE,","    '--expire-time=' + (options.duration * 1000 || DEFAULT_DURATION),","    options.title,","    options.message","  ];","","  options.debug({","    cmd: CMD,","    args: args.join(' ')","  });","","  spawn(CMD, args, function(code) {","    if (code !== 0) {","      cb(code);","    } else {","      cb();","    }","  });","}","","module.exports = {","  name: NOTIFY_TYPE,","  notify: notify,","  supported: supported","};",""],"l":{"10":2,"12":2,"13":2,"14":0,"15":0,"16":0,"17":0,"19":1,"21":0,"23":0,"27":0,"30":1,"32":0,"40":0,"45":0,"46":0,"47":0,"49":0,"54":0}},"/home/travis/build/npmtest/node-npmtest-grunt-notify/node_modules/grunt-notify/lib/platforms/toaster.js":{"path":"/home/travis/build/npmtest/node-npmtest-grunt-notify/node_modules/grunt-notify/lib/platforms/toaster.js","s":{"1":2,"2":2,"3":2,"4":2,"5":0,"6":0,"7":0,"8":0,"9":1,"10":0,"11":0,"12":0,"13":0,"14":0,"15":0,"16":1,"17":0,"18":0,"19":0,"20":0,"21":0,"22":0,"23":0},"b":{"1":[0,0],"2":[0,0],"3":[0,0],"4":[0,0],"5":[0,0]},"f":{"1":0,"2":0,"3":0},"fnMap":{"1":{"name":"supported","line":24,"loc":{"start":{"line":24,"column":0},"end":{"line":24,"column":28}}},"2":{"name":"notify","line":43,"loc":{"start":{"line":43,"column":0},"end":{"line":43,"column":29}}},"3":{"name":"(anonymous_3)","line":55,"loc":{"start":{"line":55,"column":19},"end":{"line":55,"column":34}}}},"statementMap":{"1":{"start":{"line":10,"column":0},"end":{"line":10,"column":28}},"2":{"start":{"line":12,"column":0},"end":{"line":12,"column":27}},"3":{"start":{"line":13,"column":0},"end":{"line":13,"column":23}},"4":{"start":{"line":14,"column":0},"end":{"line":14,"column":37}},"5":{"start":{"line":15,"column":0},"end":{"line":15,"column":31}},"6":{"start":{"line":19,"column":0},"end":{"line":19,"column":65}},"7":{"start":{"line":20,"column":0},"end":{"line":20,"column":44}},"8":{"start":{"line":21,"column":0},"end":{"line":21,"column":75}},"9":{"start":{"line":24,"column":0},"end":{"line":41,"column":1}},"10":{"start":{"line":25,"column":2},"end":{"line":25,"column":16}},"11":{"start":{"line":26,"column":2},"end":{"line":30,"column":3}},"12":{"start":{"line":27,"column":4},"end":{"line":27,"column":75}},"13":{"start":{"line":29,"column":4},"end":{"line":29,"column":37}},"14":{"start":{"line":32,"column":2},"end":{"line":38,"column":5}},"15":{"start":{"line":40,"column":2},"end":{"line":40,"column":33}},"16":{"start":{"line":43,"column":0},"end":{"line":62,"column":1}},"17":{"start":{"line":44,"column":2},"end":{"line":48,"column":4}},"18":{"start":{"line":50,"column":2},"end":{"line":53,"column":5}},"19":{"start":{"line":55,"column":2},"end":{"line":61,"column":5}},"20":{"start":{"line":56,"column":4},"end":{"line":60,"column":5}},"21":{"start":{"line":57,"column":6},"end":{"line":57,"column":15}},"22":{"start":{"line":59,"column":6},"end":{"line":59,"column":11}},"23":{"start":{"line":65,"column":0},"end":{"line":69,"column":2}}},"branchMap":{"1":{"line":27,"type":"binary-expr","locations":[{"start":{"line":27,"column":16},"end":{"line":27,"column":26}},{"start":{"line":27,"column":30},"end":{"line":27,"column":74}}]},"2":{"line":37,"type":"cond-expr","locations":[{"start":{"line":37,"column":39},"end":{"line":37,"column":73}},{"start":{"line":37,"column":76},"end":{"line":37,"column":104}}]},"3":{"line":37,"type":"binary-expr","locations":[{"start":{"line":37,"column":13},"end":{"line":37,"column":23}},{"start":{"line":37,"column":27},"end":{"line":37,"column":36}}]},"4":{"line":40,"type":"binary-expr","locations":[{"start":{"line":40,"column":9},"end":{"line":40,"column":19}},{"start":{"line":40,"column":23},"end":{"line":40,"column":32}}]},"5":{"line":56,"type":"if","locations":[{"start":{"line":56,"column":4},"end":{"line":56,"column":4}},{"start":{"line":56,"column":4},"end":{"line":56,"column":4}}]}},"code":["/*"," * grunt-notify"," * https://github.com/dylang/grunt-notify"," *"," * Copyright (c) 2014 Dylan Greene, 2014 Matej Simek"," * Licensed under the MIT license."," */","'use strict';","","var NOTIFY_TYPE = 'toaster';","","var path = require('path');","var os = require('os');","var spawn = require('../util/spawn');","var semver = require('semver');","","// A wee Win8 console notifications app. Post toast notifications from the console, making it easy to integrate into existing batch scripts etc.","// Toaster by Nels Oscar https://github.com/nels-o/toaster","var CMD = path.resolve(__dirname, '../../bin/toaster/toast.exe');","var IS_WINDOWS = os.type() === 'Windows_NT';","var DEFAULT_IMAGE = path.resolve(__dirname, '../../images/grunt-logo.png');","","","function supported(options) {","  var WINDOWS_8;","  try {","    WINDOWS_8 = IS_WINDOWS && semver.satisfies(os.release(), '>=6.2.9200');","  } catch (e) {","    options.debug({semverError: e });","  }","","  options.debug({","    os: os.type(),","    version: os.release(),","    IS_WINDOWS: IS_WINDOWS,","    WINDOWS_8: WINDOWS_8,","    toaster: IS_WINDOWS && WINDOWS_8 ? 'Will use Windows 8 notifications' : 'Not available for your OS.'","  });","","  return IS_WINDOWS && WINDOWS_8;","}","","function notify(options, cb) {","  var args = [","    '-p', DEFAULT_IMAGE,","    '-t', options.title,","    '-m', options.message","  ];","","  options.debug({","    cmd: CMD,","    args: args.join(' ')","  });","","  spawn(CMD, args, function(code) {","    if (code !== 0) {","      cb(code);","    } else {","      cb();","    }","  });","}","","","module.exports = {","  name: NOTIFY_TYPE,","  notify: notify,","  supported: supported","};"],"l":{"10":2,"12":2,"13":2,"14":2,"15":0,"19":0,"20":0,"21":0,"24":1,"25":0,"26":0,"27":0,"29":0,"32":0,"40":0,"43":1,"44":0,"50":0,"55":0,"56":0,"57":0,"59":0,"65":0}},"/home/travis/build/npmtest/node-npmtest-grunt-notify/node_modules/grunt-notify/lib/util/guessProjectName.js":{"path":"/home/travis/build/npmtest/node-npmtest-grunt-notify/node_modules/grunt-notify/lib/util/guessProjectName.js","s":{"1":1,"2":1,"3":1,"4":0,"5":0,"6":0,"7":0,"8":0,"9":1,"10":0,"11":0,"12":1,"13":0},"b":{"1":[0,0,0]},"f":{"1":0,"2":0,"3":0},"fnMap":{"1":{"name":"packageJson","line":14,"loc":{"start":{"line":14,"column":0},"end":{"line":14,"column":23}}},"2":{"name":"currentWorkingDirectory","line":27,"loc":{"start":{"line":27,"column":0},"end":{"line":27,"column":35}}},"3":{"name":"guessProjectName","line":33,"loc":{"start":{"line":33,"column":17},"end":{"line":33,"column":44}}}},"statementMap":{"1":{"start":{"line":10,"column":0},"end":{"line":10,"column":27}},"2":{"start":{"line":12,"column":0},"end":{"line":12,"column":16}},"3":{"start":{"line":14,"column":0},"end":{"line":25,"column":1}},"4":{"start":{"line":15,"column":2},"end":{"line":16,"column":16}},"5":{"start":{"line":17,"column":2},"end":{"line":22,"column":3}},"6":{"start":{"line":18,"column":4},"end":{"line":18,"column":68}},"7":{"start":{"line":19,"column":4},"end":{"line":19,"column":34}},"8":{"start":{"line":24,"column":2},"end":{"line":24,"column":21}},"9":{"start":{"line":27,"column":0},"end":{"line":30,"column":1}},"10":{"start":{"line":28,"column":2},"end":{"line":28,"column":52}},"11":{"start":{"line":29,"column":2},"end":{"line":29,"column":21}},"12":{"start":{"line":33,"column":0},"end":{"line":35,"column":2}},"13":{"start":{"line":34,"column":2},"end":{"line":34,"column":67}}},"branchMap":{"1":{"line":34,"type":"binary-expr","locations":[{"start":{"line":34,"column":9},"end":{"line":34,"column":20}},{"start":{"line":34,"column":24},"end":{"line":34,"column":37}},{"start":{"line":34,"column":41},"end":{"line":34,"column":66}}]}},"code":["/*"," * grunt-notify"," * https://github.com/dylang/grunt-notify"," *"," * Copyright (c) 2013 Dylan Greene"," * Licensed under the MIT license."," */","'use strict';","","var path = require('path');","","var projectName;","","function packageJson() {","  var packageObj,","    projectName;","  try {","    packageObj = require(process.cwd() + path.sep + 'package.json');","    projectName = packageObj.name;","  } catch (e) {","    // package.json not found","  }","","  return projectName;","}","","function currentWorkingDirectory() {","  projectName = process.cwd().split(path.sep).pop();","  return projectName;","}","","","module.exports = function guessProjectName(){","  return projectName || packageJson() || currentWorkingDirectory();","};",""],"l":{"10":1,"12":1,"14":1,"15":0,"17":0,"18":0,"19":0,"24":0,"27":1,"28":0,"29":0,"33":1,"34":0}}}